{"/home/travis/build/npmtest/node-npmtest-fbjs/test.js":{"path":"/home/travis/build/npmtest/node-npmtest-fbjs/test.js","s":{"1":2,"2":2,"3":2,"4":2,"5":2,"6":2,"7":2,"8":1,"9":2,"10":2,"11":1,"12":1,"13":1,"14":1,"15":2,"16":2,"17":2,"18":2,"19":1,"20":1,"21":2,"22":2,"23":2,"24":1,"25":1,"26":1,"27":1,"28":1,"29":1,"30":1,"31":1,"32":1,"33":1,"34":1,"35":1,"36":1,"37":1,"38":1,"39":2,"40":2,"41":1,"42":2,"43":2,"44":1,"45":2,"46":2,"47":1,"48":2,"49":2,"50":1,"51":1,"52":1,"53":1,"54":1},"b":{"1":[2,1,1,1],"2":[1,1,1,1],"3":[1,1],"4":[1,1],"5":[1,1],"6":[1,1],"7":[1,1],"8":[1,1],"9":[1,1],"10":[1,1,1],"11":[1,1],"12":[1,1],"13":[1,1],"14":[1,1],"15":[1,1],"16":[1,1],"17":[1,1]},"f":{"1":2,"2":2,"3":2,"4":2,"5":2,"6":1,"7":1,"8":1,"9":2,"10":2,"11":2,"12":2,"13":1},"fnMap":{"1":{"name":"(anonymous_1)","line":12,"loc":{"start":{"line":12,"column":1},"end":{"line":12,"column":13}}},"2":{"name":"(anonymous_2)","line":19,"loc":{"start":{"line":19,"column":5},"end":{"line":19,"column":17}}},"3":{"name":"(anonymous_3)","line":23,"loc":{"start":{"line":23,"column":24},"end":{"line":23,"column":36}}},"4":{"name":"(anonymous_4)","line":61,"loc":{"start":{"line":61,"column":5},"end":{"line":61,"column":17}}},"5":{"name":"(anonymous_5)","line":82,"loc":{"start":{"line":82,"column":5},"end":{"line":82,"column":17}}},"6":{"name":"(anonymous_6)","line":91,"loc":{"start":{"line":91,"column":77},"end":{"line":94,"column":10}}},"7":{"name":"(anonymous_7)","line":112,"loc":{"start":{"line":112,"column":83},"end":{"line":115,"column":10}},"skip":true},"8":{"name":"(anonymous_8)","line":123,"loc":{"start":{"line":123,"column":77},"end":{"line":126,"column":10}},"skip":true},"9":{"name":"(anonymous_9)","line":139,"loc":{"start":{"line":139,"column":12},"end":{"line":139,"column":40}},"skip":true},"10":{"name":"(anonymous_10)","line":147,"loc":{"start":{"line":147,"column":77},"end":{"line":150,"column":10}},"skip":true},"11":{"name":"(anonymous_11)","line":158,"loc":{"start":{"line":158,"column":83},"end":{"line":161,"column":10}},"skip":true},"12":{"name":"(anonymous_12)","line":169,"loc":{"start":{"line":169,"column":79},"end":{"line":172,"column":10}},"skip":true},"13":{"name":"(anonymous_13)","line":180,"loc":{"start":{"line":180,"column":75},"end":{"line":183,"column":10}},"skip":true}},"statementMap":{"1":{"start":{"line":12,"column":0},"end":{"line":195,"column":5}},"2":{"start":{"line":14,"column":4},"end":{"line":14,"column":14}},"3":{"start":{"line":19,"column":4},"end":{"line":56,"column":9}},"4":{"start":{"line":21,"column":8},"end":{"line":21,"column":19}},"5":{"start":{"line":23,"column":8},"end":{"line":35,"column":13}},"6":{"start":{"line":24,"column":12},"end":{"line":34,"column":13}},"7":{"start":{"line":25,"column":16},"end":{"line":28,"column":30}},"8":{"start":{"line":30,"column":16},"end":{"line":33,"column":27}},"9":{"start":{"line":37,"column":8},"end":{"line":39,"column":21}},"10":{"start":{"line":40,"column":8},"end":{"line":53,"column":9}},"11":{"start":{"line":43,"column":12},"end":{"line":46,"column":14}},"12":{"start":{"line":47,"column":12},"end":{"line":47,"column":18}},"13":{"start":{"line":50,"column":12},"end":{"line":51,"column":46}},"14":{"start":{"line":52,"column":12},"end":{"line":52,"column":18}},"15":{"start":{"line":55,"column":8},"end":{"line":55,"column":35}},"16":{"start":{"line":61,"column":4},"end":{"line":63,"column":9}},"17":{"start":{"line":62,"column":8},"end":{"line":62,"column":15}},"18":{"start":{"line":64,"column":4},"end":{"line":77,"column":5}},"19":{"start":{"line":70,"column":8},"end":{"line":70,"column":14}},"20":{"start":{"line":76,"column":8},"end":{"line":76,"column":14}},"21":{"start":{"line":82,"column":4},"end":{"line":84,"column":9}},"22":{"start":{"line":83,"column":8},"end":{"line":83,"column":15}},"23":{"start":{"line":85,"column":4},"end":{"line":194,"column":5}},"24":{"start":{"line":91,"column":8},"end":{"line":99,"column":10}},"25":{"start":{"line":98,"column":12},"end":{"line":98,"column":35}},"26":{"start":{"line":102,"column":8},"end":{"line":104,"column":63}},"27":{"start":{"line":105,"column":8},"end":{"line":105,"column":14}},"28":{"start":{"line":112,"column":8},"end":{"line":121,"column":10},"skip":true},"29":{"start":{"line":119,"column":12},"end":{"line":119,"column":55},"skip":true},"30":{"start":{"line":120,"column":12},"end":{"line":120,"column":48},"skip":true},"31":{"start":{"line":123,"column":8},"end":{"line":136,"column":10},"skip":true},"32":{"start":{"line":130,"column":12},"end":{"line":130,"column":76},"skip":true},"33":{"start":{"line":131,"column":12},"end":{"line":131,"column":73},"skip":true},"34":{"start":{"line":132,"column":12},"end":{"line":132,"column":74},"skip":true},"35":{"start":{"line":133,"column":12},"end":{"line":133,"column":79},"skip":true},"36":{"start":{"line":134,"column":12},"end":{"line":134,"column":25},"skip":true},"37":{"start":{"line":135,"column":12},"end":{"line":135,"column":45},"skip":true},"38":{"start":{"line":138,"column":8},"end":{"line":145,"column":14},"skip":true},"39":{"start":{"line":143,"column":16},"end":{"line":143,"column":29},"skip":true},"40":{"start":{"line":144,"column":16},"end":{"line":144,"column":55},"skip":true},"41":{"start":{"line":147,"column":8},"end":{"line":156,"column":10},"skip":true},"42":{"start":{"line":154,"column":12},"end":{"line":154,"column":25},"skip":true},"43":{"start":{"line":155,"column":12},"end":{"line":155,"column":45},"skip":true},"44":{"start":{"line":158,"column":8},"end":{"line":167,"column":10},"skip":true},"45":{"start":{"line":165,"column":12},"end":{"line":165,"column":25},"skip":true},"46":{"start":{"line":166,"column":12},"end":{"line":166,"column":48},"skip":true},"47":{"start":{"line":169,"column":8},"end":{"line":178,"column":10},"skip":true},"48":{"start":{"line":176,"column":12},"end":{"line":176,"column":25},"skip":true},"49":{"start":{"line":177,"column":12},"end":{"line":177,"column":46},"skip":true},"50":{"start":{"line":180,"column":8},"end":{"line":189,"column":10},"skip":true},"51":{"start":{"line":187,"column":12},"end":{"line":187,"column":94},"skip":true},"52":{"start":{"line":188,"column":12},"end":{"line":188,"column":48},"skip":true},"53":{"start":{"line":192,"column":8},"end":{"line":192,"column":35},"skip":true},"54":{"start":{"line":193,"column":8},"end":{"line":193,"column":14},"skip":true}},"branchMap":{"1":{"line":25,"type":"binary-expr","locations":[{"start":{"line":25,"column":23},"end":{"line":25,"column":62}},{"start":{"line":26,"column":20},"end":{"line":26,"column":70}},{"start":{"line":27,"column":20},"end":{"line":27,"column":71}},{"start":{"line":28,"column":20},"end":{"line":28,"column":29}}]},"2":{"line":30,"type":"binary-expr","locations":[{"start":{"line":30,"column":23},"end":{"line":30,"column":37}},{"start":{"line":31,"column":20},"end":{"line":31,"column":61}},{"start":{"line":32,"column":20},"end":{"line":32,"column":70}},{"start":{"line":33,"column":20},"end":{"line":33,"column":26}}]},"3":{"line":37,"type":"cond-expr","locations":[{"start":{"line":38,"column":14},"end":{"line":38,"column":20}},{"start":{"line":39,"column":14},"end":{"line":39,"column":20}}]},"4":{"line":40,"type":"switch","locations":[{"start":{"line":42,"column":8},"end":{"line":47,"column":18}},{"start":{"line":49,"column":8},"end":{"line":52,"column":18}}]},"5":{"line":44,"type":"binary-expr","locations":[{"start":{"line":44,"column":16},"end":{"line":44,"column":44}},{"start":{"line":44,"column":48},"end":{"line":44,"column":66}}]},"6":{"line":50,"type":"binary-expr","locations":[{"start":{"line":50,"column":21},"end":{"line":50,"column":49}},{"start":{"line":50,"column":53},"end":{"line":50,"column":72}}]},"7":{"line":64,"type":"switch","locations":[{"start":{"line":69,"column":4},"end":{"line":70,"column":14}},{"start":{"line":75,"column":4},"end":{"line":76,"column":14}}]},"8":{"line":85,"type":"switch","locations":[{"start":{"line":90,"column":4},"end":{"line":105,"column":14}},{"start":{"line":111,"column":4},"end":{"line":193,"column":14},"skip":true}]},"9":{"line":91,"type":"binary-expr","locations":[{"start":{"line":91,"column":42},"end":{"line":91,"column":73}},{"start":{"line":91,"column":77},"end":{"line":99,"column":9}}]},"10":{"line":102,"type":"binary-expr","locations":[{"start":{"line":102,"column":18},"end":{"line":102,"column":32}},{"start":{"line":103,"column":12},"end":{"line":103,"column":53}},{"start":{"line":104,"column":12},"end":{"line":104,"column":61}}]},"11":{"line":112,"type":"binary-expr","locations":[{"start":{"line":112,"column":45},"end":{"line":112,"column":79},"skip":true},{"start":{"line":112,"column":83},"end":{"line":121,"column":9},"skip":true}]},"12":{"line":123,"type":"binary-expr","locations":[{"start":{"line":123,"column":42},"end":{"line":123,"column":73},"skip":true},{"start":{"line":123,"column":77},"end":{"line":136,"column":9},"skip":true}]},"13":{"line":138,"type":"binary-expr","locations":[{"start":{"line":138,"column":48},"end":{"line":138,"column":85},"skip":true},{"start":{"line":139,"column":12},"end":{"line":145,"column":13},"skip":true}]},"14":{"line":147,"type":"binary-expr","locations":[{"start":{"line":147,"column":42},"end":{"line":147,"column":73},"skip":true},{"start":{"line":147,"column":77},"end":{"line":156,"column":9},"skip":true}]},"15":{"line":158,"type":"binary-expr","locations":[{"start":{"line":158,"column":45},"end":{"line":158,"column":79},"skip":true},{"start":{"line":158,"column":83},"end":{"line":167,"column":9},"skip":true}]},"16":{"line":169,"type":"binary-expr","locations":[{"start":{"line":169,"column":43},"end":{"line":169,"column":75},"skip":true},{"start":{"line":169,"column":79},"end":{"line":178,"column":9},"skip":true}]},"17":{"line":180,"type":"binary-expr","locations":[{"start":{"line":180,"column":41},"end":{"line":180,"column":71},"skip":true},{"start":{"line":180,"column":75},"end":{"line":189,"column":9},"skip":true}]}},"code":["/* istanbul instrument in package npmtest_fbjs */","/*jslint","    bitwise: true,","    browser: true,","    maxerr: 8,","    maxlen: 96,","    node: true,","    nomen: true,","    regexp: true,","    stupid: true","*/","(function () {","    'use strict';","    var local;","","","","    // run shared js-env code - pre-init","    (function () {","        // init local","        local = {};","        // init modeJs","        local.modeJs = (function () {","            try {","                return typeof navigator.userAgent === 'string' &&","                    typeof document.querySelector('body') === 'object' &&","                    typeof XMLHttpRequest.prototype.open === 'function' &&","                    'browser';","            } catch (errorCaughtBrowser) {","                return module.exports &&","                    typeof process.versions.node === 'string' &&","                    typeof require('http').createServer === 'function' &&","                    'node';","            }","        }());","        // init global","        local.global = local.modeJs === 'browser'","            ? window","            : global;","        switch (local.modeJs) {","        // re-init local from window.local","        case 'browser':","            local = local.global.utility2.objectSetDefault(","                local.global.utility2_rollup || local.global.local,","                local.global.utility2","            );","            break;","        // re-init local from example.js","        case 'node':","            local = (local.global.utility2_rollup || require('utility2'))","                .requireExampleJsFromReadme();","            break;","        }","        // export local","        local.global.local = local;","    }());","","","","    // run shared js-env code - function","    (function () {","        return;","    }());","    switch (local.modeJs) {","","","","    // run browser js-env code - function","    case 'browser':","        break;","","","","    // run node js-env code - function","    case 'node':","        break;","    }","","","","    // run shared js-env code - post-init","    (function () {","        return;","    }());","    switch (local.modeJs) {","","","","    // run browser js-env code - post-init","    case 'browser':","        local.testCase_browser_nullCase = local.testCase_browser_nullCase || function (","            options,","            onError","        ) {","        /*","         * this function will test browsers's null-case handling-behavior-behavior","         */","            onError(null, options);","        };","","        // run tests","        local.nop(local.modeTest &&","            document.querySelector('#testRunButton1') &&","            document.querySelector('#testRunButton1').click());","        break;","","","","    // run node js-env code - post-init","    /* istanbul ignore next */","    case 'node':","        local.testCase_buildApidoc_default = local.testCase_buildApidoc_default || function (","            options,","            onError","        ) {","        /*","         * this function will test buildApidoc's default handling-behavior-behavior","         */","            options = { modulePathList: module.paths };","            local.buildApidoc(options, onError);","        };","","        local.testCase_buildApp_default = local.testCase_buildApp_default || function (","            options,","            onError","        ) {","        /*","         * this function will test buildApp's default handling-behavior-behavior","         */","            local.testCase_buildReadme_default(options, local.onErrorThrow);","            local.testCase_buildLib_default(options, local.onErrorThrow);","            local.testCase_buildTest_default(options, local.onErrorThrow);","            local.testCase_buildCustomOrg_default(options, local.onErrorThrow);","            options = [];","            local.buildApp(options, onError);","        };","","        local.testCase_buildCustomOrg_default = local.testCase_buildCustomOrg_default ||","            function (options, onError) {","            /*","             * this function will test buildCustomOrg's default handling-behavior","             */","                options = {};","                local.buildCustomOrg(options, onError);","            };","","        local.testCase_buildLib_default = local.testCase_buildLib_default || function (","            options,","            onError","        ) {","        /*","         * this function will test buildLib's default handling-behavior","         */","            options = {};","            local.buildLib(options, onError);","        };","","        local.testCase_buildReadme_default = local.testCase_buildReadme_default || function (","            options,","            onError","        ) {","        /*","         * this function will test buildReadme's default handling-behavior-behavior","         */","            options = {};","            local.buildReadme(options, onError);","        };","","        local.testCase_buildTest_default = local.testCase_buildTest_default || function (","            options,","            onError","        ) {","        /*","         * this function will test buildTest's default handling-behavior","         */","            options = {};","            local.buildTest(options, onError);","        };","","        local.testCase_webpage_default = local.testCase_webpage_default || function (","            options,","            onError","        ) {","        /*","         * this function will test webpage's default handling-behavior","         */","            options = { modeCoverageMerge: true, url: local.serverLocalHost + '?modeTest=1' };","            local.browserTest(options, onError);","        };","","        // run test-server","        local.testRunServer(local);","        break;","    }","}());",""],"l":{"12":2,"14":2,"19":2,"21":2,"23":2,"24":2,"25":2,"30":1,"37":2,"40":2,"43":1,"47":1,"50":1,"52":1,"55":2,"61":2,"62":2,"64":2,"70":1,"76":1,"82":2,"83":2,"85":2,"91":1,"98":1,"102":1,"105":1,"112":1,"119":1,"120":1,"123":1,"130":1,"131":1,"132":1,"133":1,"134":1,"135":1,"138":1,"143":2,"144":2,"147":1,"154":2,"155":2,"158":1,"165":2,"166":2,"169":1,"176":2,"177":2,"180":1,"187":1,"188":1,"192":1,"193":1}},"/home/travis/build/npmtest/node-npmtest-fbjs/lib.npmtest_fbjs.js":{"path":"/home/travis/build/npmtest/node-npmtest-fbjs/lib.npmtest_fbjs.js","s":{"1":2,"2":2,"3":2,"4":2,"5":2,"6":2,"7":2,"8":1,"9":2,"10":2,"11":2,"12":2,"13":1,"14":1,"15":1,"16":1},"b":{"1":[2,1,1,1],"2":[1,1,1,1],"3":[1,1],"4":[2,2],"5":[1,1]},"f":{"1":2,"2":2,"3":2},"fnMap":{"1":{"name":"(anonymous_1)","line":12,"loc":{"start":{"line":12,"column":1},"end":{"line":12,"column":13}}},"2":{"name":"(anonymous_2)","line":19,"loc":{"start":{"line":19,"column":5},"end":{"line":19,"column":17}}},"3":{"name":"(anonymous_3)","line":23,"loc":{"start":{"line":23,"column":24},"end":{"line":23,"column":36}}}},"statementMap":{"1":{"start":{"line":12,"column":0},"end":{"line":53,"column":5}},"2":{"start":{"line":14,"column":4},"end":{"line":14,"column":14}},"3":{"start":{"line":19,"column":4},"end":{"line":52,"column":9}},"4":{"start":{"line":21,"column":8},"end":{"line":21,"column":19}},"5":{"start":{"line":23,"column":8},"end":{"line":35,"column":13}},"6":{"start":{"line":24,"column":12},"end":{"line":34,"column":13}},"7":{"start":{"line":25,"column":16},"end":{"line":28,"column":30}},"8":{"start":{"line":30,"column":16},"end":{"line":33,"column":27}},"9":{"start":{"line":37,"column":8},"end":{"line":39,"column":21}},"10":{"start":{"line":41,"column":8},"end":{"line":41,"column":54}},"11":{"start":{"line":43,"column":8},"end":{"line":43,"column":49}},"12":{"start":{"line":45,"column":8},"end":{"line":51,"column":9}},"13":{"start":{"line":46,"column":12},"end":{"line":46,"column":55}},"14":{"start":{"line":48,"column":12},"end":{"line":48,"column":35}},"15":{"start":{"line":49,"column":12},"end":{"line":49,"column":49}},"16":{"start":{"line":50,"column":12},"end":{"line":50,"column":43}}},"branchMap":{"1":{"line":25,"type":"binary-expr","locations":[{"start":{"line":25,"column":23},"end":{"line":25,"column":62}},{"start":{"line":26,"column":20},"end":{"line":26,"column":70}},{"start":{"line":27,"column":20},"end":{"line":27,"column":71}},{"start":{"line":28,"column":20},"end":{"line":28,"column":29}}]},"2":{"line":30,"type":"binary-expr","locations":[{"start":{"line":30,"column":23},"end":{"line":30,"column":37}},{"start":{"line":31,"column":20},"end":{"line":31,"column":61}},{"start":{"line":32,"column":20},"end":{"line":32,"column":70}},{"start":{"line":33,"column":20},"end":{"line":33,"column":26}}]},"3":{"line":37,"type":"cond-expr","locations":[{"start":{"line":38,"column":14},"end":{"line":38,"column":20}},{"start":{"line":39,"column":14},"end":{"line":39,"column":20}}]},"4":{"line":41,"type":"binary-expr","locations":[{"start":{"line":41,"column":16},"end":{"line":41,"column":44}},{"start":{"line":41,"column":48},"end":{"line":41,"column":53}}]},"5":{"line":45,"type":"if","locations":[{"start":{"line":45,"column":8},"end":{"line":45,"column":8}},{"start":{"line":45,"column":8},"end":{"line":45,"column":8}}]}},"code":["/* istanbul instrument in package npmtest_fbjs */","/*jslint","    bitwise: true,","    browser: true,","    maxerr: 8,","    maxlen: 96,","    node: true,","    nomen: true,","    regexp: true,","    stupid: true","*/","(function () {","    'use strict';","    var local;","","","","    // run shared js-env code - pre-init","    (function () {","        // init local","        local = {};","        // init modeJs","        local.modeJs = (function () {","            try {","                return typeof navigator.userAgent === 'string' &&","                    typeof document.querySelector('body') === 'object' &&","                    typeof XMLHttpRequest.prototype.open === 'function' &&","                    'browser';","            } catch (errorCaughtBrowser) {","                return module.exports &&","                    typeof process.versions.node === 'string' &&","                    typeof require('http').createServer === 'function' &&","                    'node';","            }","        }());","        // init global","        local.global = local.modeJs === 'browser'","            ? window","            : global;","        // init utility2_rollup","        local = local.global.utility2_rollup || local;","        // init lib","        local.local = local.npmtest_fbjs = local;","        // init exports","        if (local.modeJs === 'browser') {","            local.global.utility2_npmtest_fbjs = local;","        } else {","            module.exports = local;","            module.exports.__dirname = __dirname;","            module.exports.module = module;","        }","    }());","}());",""],"l":{"12":2,"14":2,"19":2,"21":2,"23":2,"24":2,"25":2,"30":1,"37":2,"41":2,"43":2,"45":2,"46":1,"48":1,"49":1,"50":1}},"/home/travis/build/npmtest/node-npmtest-fbjs/example.js":{"path":"/home/travis/build/npmtest/node-npmtest-fbjs/example.js","s":{"1":2,"2":2,"3":2,"4":2,"5":2,"6":2,"7":2,"8":1,"9":2,"10":2,"11":2,"12":2,"13":1,"14":2,"15":2,"16":2,"17":2,"18":2,"19":0,"20":2,"21":1,"22":1,"23":1,"24":1,"25":1,"26":0,"27":0,"28":1,"29":1,"30":2,"31":0,"32":0,"33":0,"34":1,"35":2,"36":2,"37":3,"38":3,"39":3,"40":3,"41":0,"42":3,"43":3,"44":3,"45":1,"46":3,"47":1,"48":1,"49":1,"50":1,"51":1,"52":1,"53":1,"54":1,"55":1,"56":1,"57":0,"58":1,"59":6,"60":6,"61":1,"62":2,"63":0,"64":2,"65":1,"66":1,"67":0,"68":0,"69":0,"70":0,"71":0,"72":0,"73":0,"74":0,"75":0,"76":0,"77":0,"78":0,"79":0,"80":0,"81":0,"82":0,"83":0},"b":{"1":[2,1,1,1],"2":[1,1,1,1],"3":[1,1],"4":[2,2],"5":[1,1],"6":[1,1],"7":[2,0],"8":[2,1,1,1,1,1],"9":[0,2,0],"10":[1,1],"11":[2,1,1],"12":[1,0],"13":[0,2],"14":[2,0,0,0,0,0,0],"15":[0,3],"16":[3,0],"17":[1,1],"18":[0,1],"19":[1,2,0,2],"20":[1,0],"21":[1,1],"22":[0,0],"23":[0,0],"24":[0,0],"25":[0,0],"26":[0,0],"27":[0,0],"28":[0,0]},"f":{"1":2,"2":2,"3":2,"4":2,"5":2,"6":2,"7":3,"8":3,"9":3,"10":1,"11":6,"12":0},"fnMap":{"1":{"name":"(anonymous_1)","line":26,"loc":{"start":{"line":26,"column":1},"end":{"line":26,"column":13}}},"2":{"name":"(anonymous_2)","line":33,"loc":{"start":{"line":33,"column":5},"end":{"line":33,"column":17}}},"3":{"name":"(anonymous_3)","line":37,"loc":{"start":{"line":37,"column":24},"end":{"line":37,"column":36}}},"4":{"name":"(anonymous_4)","line":69,"loc":{"start":{"line":69,"column":31},"end":{"line":69,"column":48}},"skip":true},"5":{"name":"(anonymous_5)","line":78,"loc":{"start":{"line":78,"column":26},"end":{"line":78,"column":45}},"skip":true},"6":{"name":"(anonymous_6)","line":123,"loc":{"start":{"line":123,"column":33},"end":{"line":123,"column":48}},"skip":true},"7":{"name":"(anonymous_7)","line":125,"loc":{"start":{"line":125,"column":27},"end":{"line":125,"column":39}},"skip":true},"8":{"name":"(anonymous_8)","line":133,"loc":{"start":{"line":133,"column":59},"end":{"line":133,"column":74}},"skip":true},"9":{"name":"(anonymous_9)","line":143,"loc":{"start":{"line":143,"column":45},"end":{"line":143,"column":62}},"skip":true},"10":{"name":"(anonymous_10)","line":144,"loc":{"start":{"line":144,"column":73},"end":{"line":144,"column":92}},"skip":true},"11":{"name":"(anonymous_11)","line":272,"loc":{"start":{"line":272,"column":51},"end":{"line":272,"column":77}},"skip":true},"12":{"name":"(anonymous_12)","line":315,"loc":{"start":{"line":315,"column":32},"end":{"line":315,"column":61}},"skip":true}},"statementMap":{"1":{"start":{"line":26,"column":0},"end":{"line":326,"column":5}},"2":{"start":{"line":28,"column":4},"end":{"line":28,"column":14}},"3":{"start":{"line":33,"column":4},"end":{"line":60,"column":9}},"4":{"start":{"line":35,"column":8},"end":{"line":35,"column":19}},"5":{"start":{"line":37,"column":8},"end":{"line":49,"column":13}},"6":{"start":{"line":38,"column":12},"end":{"line":48,"column":13}},"7":{"start":{"line":39,"column":16},"end":{"line":42,"column":30}},"8":{"start":{"line":44,"column":16},"end":{"line":47,"column":27}},"9":{"start":{"line":51,"column":8},"end":{"line":53,"column":21}},"10":{"start":{"line":55,"column":8},"end":{"line":57,"column":45}},"11":{"start":{"line":59,"column":8},"end":{"line":59,"column":35}},"12":{"start":{"line":61,"column":4},"end":{"line":325,"column":5}},"13":{"start":{"line":69,"column":8},"end":{"line":121,"column":10},"skip":true},"14":{"start":{"line":70,"column":12},"end":{"line":88,"column":13},"skip":true},"15":{"start":{"line":76,"column":16},"end":{"line":87,"column":19},"skip":true},"16":{"start":{"line":79,"column":20},"end":{"line":86,"column":21},"skip":true},"17":{"start":{"line":82,"column":24},"end":{"line":82,"column":43},"skip":true},"18":{"start":{"line":83,"column":24},"end":{"line":83,"column":30},"skip":true},"19":{"start":{"line":85,"column":24},"end":{"line":85,"column":49},"skip":true},"20":{"start":{"line":89,"column":12},"end":{"line":107,"column":13},"skip":true},"21":{"start":{"line":92,"column":16},"end":{"line":102,"column":17},"skip":true},"22":{"start":{"line":93,"column":20},"end":{"line":93,"column":86},"skip":true},"23":{"start":{"line":94,"column":20},"end":{"line":95,"column":45},"skip":true},"24":{"start":{"line":96,"column":20},"end":{"line":96,"column":42},"skip":true},"25":{"start":{"line":97,"column":20},"end":{"line":97,"column":48},"skip":true},"26":{"start":{"line":100,"column":20},"end":{"line":100,"column":85},"skip":true},"27":{"start":{"line":101,"column":20},"end":{"line":101,"column":96},"skip":true},"28":{"start":{"line":103,"column":16},"end":{"line":103,"column":22},"skip":true},"29":{"start":{"line":106,"column":16},"end":{"line":106,"column":22},"skip":true},"30":{"start":{"line":108,"column":12},"end":{"line":120,"column":13},"skip":true},"31":{"start":{"line":114,"column":16},"end":{"line":119,"column":17},"skip":true},"32":{"start":{"line":116,"column":20},"end":{"line":116,"column":78},"skip":true},"33":{"start":{"line":118,"column":20},"end":{"line":118,"column":47},"skip":true},"34":{"start":{"line":123,"column":8},"end":{"line":141,"column":11},"skip":true},"35":{"start":{"line":124,"column":12},"end":{"line":124,"column":54},"skip":true},"36":{"start":{"line":125,"column":12},"end":{"line":140,"column":14},"skip":true},"37":{"start":{"line":126,"column":16},"end":{"line":126,"column":28},"skip":true},"38":{"start":{"line":127,"column":16},"end":{"line":127,"column":69},"skip":true},"39":{"start":{"line":128,"column":16},"end":{"line":128,"column":75},"skip":true},"40":{"start":{"line":129,"column":16},"end":{"line":131,"column":17},"skip":true},"41":{"start":{"line":130,"column":20},"end":{"line":130,"column":27},"skip":true},"42":{"start":{"line":133,"column":16},"end":{"line":137,"column":36},"skip":true},"43":{"start":{"line":134,"column":20},"end":{"line":136,"column":55},"skip":true},"44":{"start":{"line":139,"column":16},"end":{"line":139,"column":57},"skip":true},"45":{"start":{"line":143,"column":8},"end":{"line":147,"column":11},"skip":true},"46":{"start":{"line":144,"column":12},"end":{"line":146,"column":15},"skip":true},"47":{"start":{"line":145,"column":16},"end":{"line":145,"column":70},"skip":true},"48":{"start":{"line":149,"column":8},"end":{"line":149,"column":31},"skip":true},"49":{"start":{"line":150,"column":8},"end":{"line":150,"column":14},"skip":true},"50":{"start":{"line":158,"column":8},"end":{"line":158,"column":31},"skip":true},"51":{"start":{"line":160,"column":8},"end":{"line":160,"column":33},"skip":true},"52":{"start":{"line":161,"column":8},"end":{"line":161,"column":37},"skip":true},"53":{"start":{"line":162,"column":8},"end":{"line":162,"column":35},"skip":true},"54":{"start":{"line":164,"column":8},"end":{"line":164,"column":50},"skip":true},"55":{"start":{"line":166,"column":8},"end":{"line":256,"column":2},"skip":true},"56":{"start":{"line":258,"column":8},"end":{"line":286,"column":9},"skip":true},"57":{"start":{"line":259,"column":12},"end":{"line":269,"column":14},"skip":true},"58":{"start":{"line":271,"column":12},"end":{"line":285,"column":19},"skip":true},"59":{"start":{"line":274,"column":20},"end":{"line":274,"column":35},"skip":true},"60":{"start":{"line":275,"column":20},"end":{"line":284,"column":21},"skip":true},"61":{"start":{"line":277,"column":24},"end":{"line":277,"column":64},"skip":true},"62":{"start":{"line":279,"column":24},"end":{"line":279,"column":40},"skip":true},"63":{"start":{"line":281,"column":24},"end":{"line":281,"column":40},"skip":true},"64":{"start":{"line":283,"column":24},"end":{"line":283,"column":39},"skip":true},"65":{"start":{"line":288,"column":8},"end":{"line":290,"column":9},"skip":true},"66":{"start":{"line":289,"column":12},"end":{"line":289,"column":18},"skip":true},"67":{"start":{"line":291,"column":8},"end":{"line":293,"column":54},"skip":true},"68":{"start":{"line":296,"column":8},"end":{"line":301,"column":37},"skip":true},"69":{"start":{"line":303,"column":8},"end":{"line":303,"column":82},"skip":true},"70":{"start":{"line":306,"column":8},"end":{"line":308,"column":9},"skip":true},"71":{"start":{"line":307,"column":12},"end":{"line":307,"column":82},"skip":true},"72":{"start":{"line":310,"column":8},"end":{"line":312,"column":9},"skip":true},"73":{"start":{"line":311,"column":12},"end":{"line":311,"column":18},"skip":true},"74":{"start":{"line":313,"column":8},"end":{"line":313,"column":54},"skip":true},"75":{"start":{"line":314,"column":8},"end":{"line":314,"column":69},"skip":true},"76":{"start":{"line":315,"column":8},"end":{"line":323,"column":36},"skip":true},"77":{"start":{"line":316,"column":12},"end":{"line":316,"column":61},"skip":true},"78":{"start":{"line":317,"column":12},"end":{"line":320,"column":13},"skip":true},"79":{"start":{"line":318,"column":16},"end":{"line":318,"column":75},"skip":true},"80":{"start":{"line":319,"column":16},"end":{"line":319,"column":23},"skip":true},"81":{"start":{"line":321,"column":12},"end":{"line":321,"column":38},"skip":true},"82":{"start":{"line":322,"column":12},"end":{"line":322,"column":27},"skip":true},"83":{"start":{"line":324,"column":8},"end":{"line":324,"column":14},"skip":true}},"branchMap":{"1":{"line":39,"type":"binary-expr","locations":[{"start":{"line":39,"column":23},"end":{"line":39,"column":62}},{"start":{"line":40,"column":20},"end":{"line":40,"column":70}},{"start":{"line":41,"column":20},"end":{"line":41,"column":71}},{"start":{"line":42,"column":20},"end":{"line":42,"column":29}}]},"2":{"line":44,"type":"binary-expr","locations":[{"start":{"line":44,"column":23},"end":{"line":44,"column":37}},{"start":{"line":45,"column":20},"end":{"line":45,"column":61}},{"start":{"line":46,"column":20},"end":{"line":46,"column":70}},{"start":{"line":47,"column":20},"end":{"line":47,"column":26}}]},"3":{"line":51,"type":"cond-expr","locations":[{"start":{"line":52,"column":14},"end":{"line":52,"column":20}},{"start":{"line":53,"column":14},"end":{"line":53,"column":20}}]},"4":{"line":55,"type":"binary-expr","locations":[{"start":{"line":55,"column":16},"end":{"line":55,"column":44}},{"start":{"line":55,"column":49},"end":{"line":57,"column":43}}]},"5":{"line":55,"type":"cond-expr","locations":[{"start":{"line":56,"column":14},"end":{"line":56,"column":48}},{"start":{"line":57,"column":14},"end":{"line":57,"column":43}}]},"6":{"line":61,"type":"switch","locations":[{"start":{"line":68,"column":4},"end":{"line":150,"column":14},"skip":true},{"start":{"line":156,"column":4},"end":{"line":324,"column":14},"skip":true}]},"7":{"line":70,"type":"if","locations":[{"start":{"line":70,"column":12},"end":{"line":70,"column":12},"skip":true},{"start":{"line":70,"column":12},"end":{"line":70,"column":12},"skip":true}]},"8":{"line":70,"type":"binary-expr","locations":[{"start":{"line":70,"column":16},"end":{"line":70,"column":22},"skip":true},{"start":{"line":70,"column":27},"end":{"line":70,"column":32},"skip":true},{"start":{"line":71,"column":20},"end":{"line":71,"column":39},"skip":true},{"start":{"line":72,"column":20},"end":{"line":72,"column":49},"skip":true},{"start":{"line":73,"column":20},"end":{"line":73,"column":58},"skip":true},{"start":{"line":74,"column":20},"end":{"line":74,"column":69},"skip":true}]},"9":{"line":79,"type":"switch","locations":[{"start":{"line":80,"column":20},"end":{"line":80,"column":33},"skip":true},{"start":{"line":81,"column":20},"end":{"line":83,"column":30},"skip":true},{"start":{"line":84,"column":20},"end":{"line":85,"column":49},"skip":true}]},"10":{"line":89,"type":"switch","locations":[{"start":{"line":90,"column":12},"end":{"line":103,"column":22},"skip":true},{"start":{"line":105,"column":12},"end":{"line":106,"column":22},"skip":true}]},"11":{"line":89,"type":"binary-expr","locations":[{"start":{"line":89,"column":20},"end":{"line":89,"column":25},"skip":true},{"start":{"line":89,"column":29},"end":{"line":89,"column":48},"skip":true},{"start":{"line":89,"column":52},"end":{"line":89,"column":74},"skip":true}]},"12":{"line":92,"type":"if","locations":[{"start":{"line":92,"column":16},"end":{"line":92,"column":16},"skip":true},{"start":{"line":92,"column":16},"end":{"line":92,"column":16},"skip":true}]},"13":{"line":108,"type":"if","locations":[{"start":{"line":108,"column":12},"end":{"line":108,"column":12},"skip":true},{"start":{"line":108,"column":12},"end":{"line":108,"column":12},"skip":true}]},"14":{"line":108,"type":"binary-expr","locations":[{"start":{"line":108,"column":16},"end":{"line":108,"column":61},"skip":true},{"start":{"line":108,"column":66},"end":{"line":108,"column":72},"skip":true},{"start":{"line":108,"column":77},"end":{"line":108,"column":82},"skip":true},{"start":{"line":109,"column":20},"end":{"line":109,"column":39},"skip":true},{"start":{"line":110,"column":20},"end":{"line":110,"column":49},"skip":true},{"start":{"line":111,"column":20},"end":{"line":111,"column":58},"skip":true},{"start":{"line":112,"column":20},"end":{"line":112,"column":68},"skip":true}]},"15":{"line":129,"type":"if","locations":[{"start":{"line":129,"column":16},"end":{"line":129,"column":16},"skip":true},{"start":{"line":129,"column":16},"end":{"line":129,"column":16},"skip":true}]},"16":{"line":134,"type":"cond-expr","locations":[{"start":{"line":135,"column":26},"end":{"line":135,"column":29},"skip":true},{"start":{"line":136,"column":26},"end":{"line":136,"column":54},"skip":true}]},"17":{"line":164,"type":"binary-expr","locations":[{"start":{"line":164,"column":27},"end":{"line":164,"column":43},"skip":true},{"start":{"line":164,"column":47},"end":{"line":164,"column":49},"skip":true}]},"18":{"line":258,"type":"if","locations":[{"start":{"line":258,"column":8},"end":{"line":258,"column":8},"skip":true},{"start":{"line":258,"column":8},"end":{"line":258,"column":8},"skip":true}]},"19":{"line":275,"type":"switch","locations":[{"start":{"line":276,"column":20},"end":{"line":277,"column":64},"skip":true},{"start":{"line":278,"column":20},"end":{"line":279,"column":40},"skip":true},{"start":{"line":280,"column":20},"end":{"line":281,"column":40},"skip":true},{"start":{"line":282,"column":20},"end":{"line":283,"column":39},"skip":true}]},"20":{"line":288,"type":"if","locations":[{"start":{"line":288,"column":8},"end":{"line":288,"column":8},"skip":true},{"start":{"line":288,"column":8},"end":{"line":288,"column":8},"skip":true}]},"21":{"line":288,"type":"binary-expr","locations":[{"start":{"line":288,"column":12},"end":{"line":288,"column":40},"skip":true},{"start":{"line":288,"column":44},"end":{"line":288,"column":67},"skip":true}]},"22":{"line":292,"type":"binary-expr","locations":[{"start":{"line":292,"column":12},"end":{"line":292,"column":50},"skip":true},{"start":{"line":293,"column":12},"end":{"line":293,"column":53},"skip":true}]},"23":{"line":297,"type":"binary-expr","locations":[{"start":{"line":297,"column":12},"end":{"line":297,"column":62},"skip":true},{"start":{"line":298,"column":12},"end":{"line":301,"column":36},"skip":true}]},"24":{"line":303,"type":"binary-expr","locations":[{"start":{"line":303,"column":43},"end":{"line":303,"column":75},"skip":true},{"start":{"line":303,"column":79},"end":{"line":303,"column":81},"skip":true}]},"25":{"line":306,"type":"if","locations":[{"start":{"line":306,"column":8},"end":{"line":306,"column":8},"skip":true},{"start":{"line":306,"column":8},"end":{"line":306,"column":8},"skip":true}]},"26":{"line":310,"type":"if","locations":[{"start":{"line":310,"column":8},"end":{"line":310,"column":8},"skip":true},{"start":{"line":310,"column":8},"end":{"line":310,"column":8},"skip":true}]},"27":{"line":313,"type":"binary-expr","locations":[{"start":{"line":313,"column":27},"end":{"line":313,"column":43},"skip":true},{"start":{"line":313,"column":47},"end":{"line":313,"column":53},"skip":true}]},"28":{"line":317,"type":"if","locations":[{"start":{"line":317,"column":12},"end":{"line":317,"column":12},"skip":true},{"start":{"line":317,"column":12},"end":{"line":317,"column":12},"skip":true}]}},"code":["/*","example.js","","quickstart example","","instruction","    1. save this script as example.js","    2. run the shell command:","        $ npm install npmtest-fbjs && PORT=8081 node example.js","    3. play with the browser-demo on http://127.0.0.1:8081","*/","","","","/* istanbul instrument in package npmtest_fbjs */","/*jslint","    bitwise: true,","    browser: true,","    maxerr: 8,","    maxlen: 96,","    node: true,","    nomen: true,","    regexp: true,","    stupid: true","*/","(function () {","    'use strict';","    var local;","","","","    // run shared js-env code - pre-init","    (function () {","        // init local","        local = {};","        // init modeJs","        local.modeJs = (function () {","            try {","                return typeof navigator.userAgent === 'string' &&","                    typeof document.querySelector('body') === 'object' &&","                    typeof XMLHttpRequest.prototype.open === 'function' &&","                    'browser';","            } catch (errorCaughtBrowser) {","                return module.exports &&","                    typeof process.versions.node === 'string' &&","                    typeof require('http').createServer === 'function' &&","                    'node';","            }","        }());","        // init global","        local.global = local.modeJs === 'browser'","            ? window","            : global;","        // init utility2_rollup","        local = local.global.utility2_rollup || (local.modeJs === 'browser'","            ? local.global.utility2_npmtest_fbjs","            : global.utility2_moduleExports);","        // export local","        local.global.local = local;","    }());","    switch (local.modeJs) {","","","","    // post-init","    // run browser js-env code - post-init","    /* istanbul ignore next */","    case 'browser':","        local.testRunBrowser = function (event) {","            if (!event || (event &&","                    event.currentTarget &&","                    event.currentTarget.className &&","                    event.currentTarget.className.includes &&","                    event.currentTarget.className.includes('onreset'))) {","                // reset output","                Array.from(","                    document.querySelectorAll('body > .resettable')","                ).forEach(function (element) {","                    switch (element.tagName) {","                    case 'INPUT':","                    case 'TEXTAREA':","                        element.value = '';","                        break;","                    default:","                        element.textContent = '';","                    }","                });","            }","            switch (event && event.currentTarget && event.currentTarget.id) {","            case 'testRunButton1':","                // show tests","                if (document.querySelector('#testReportDiv1').style.display === 'none') {","                    document.querySelector('#testReportDiv1').style.display = 'block';","                    document.querySelector('#testRunButton1').textContent =","                        'hide internal test';","                    local.modeTest = true;","                    local.testRunDefault(local);","                // hide tests","                } else {","                    document.querySelector('#testReportDiv1').style.display = 'none';","                    document.querySelector('#testRunButton1').textContent = 'run internal test';","                }","                break;","            // custom-case","            default:","                break;","            }","            if (document.querySelector('#inputTextareaEval1') && (!event || (event &&","                    event.currentTarget &&","                    event.currentTarget.className &&","                    event.currentTarget.className.includes &&","                    event.currentTarget.className.includes('oneval')))) {","                // try to eval input-code","                try {","                    /*jslint evil: true*/","                    eval(document.querySelector('#inputTextareaEval1').value);","                } catch (errorCaught) {","                    console.error(errorCaught);","                }","            }","        };","        // log stderr and stdout to #outputTextareaStdout1","        ['error', 'log'].forEach(function (key) {","            console[key + '_original'] = console[key];","            console[key] = function () {","                var element;","                console[key + '_original'].apply(console, arguments);","                element = document.querySelector('#outputTextareaStdout1');","                if (!element) {","                    return;","                }","                // append text to #outputTextareaStdout1","                element.value += Array.from(arguments).map(function (arg) {","                    return typeof arg === 'string'","                        ? arg","                        : JSON.stringify(arg, null, 4);","                }).join(' ') + '\\n';","                // scroll textarea to bottom","                element.scrollTop = element.scrollHeight;","            };","        });","        // init event-handling","        ['change', 'click', 'keyup'].forEach(function (event) {","            Array.from(document.querySelectorAll('.on' + event)).forEach(function (element) {","                element.addEventListener(event, local.testRunBrowser);","            });","        });","        // run tests","        local.testRunBrowser();","        break;","","","","    // run node js-env code - post-init","    /* istanbul ignore next */","    case 'node':","        // export local","        module.exports = local;","        // require modules","        local.fs = require('fs');","        local.http = require('http');","        local.url = require('url');","        // init assets","        local.assetsDict = local.assetsDict || {};","        /* jslint-ignore-begin */","        local.assetsDict['/assets.index.template.html'] = '\\","<!doctype html>\\n\\","<html lang=\"en\">\\n\\","<head>\\n\\","<meta charset=\"UTF-8\">\\n\\","<meta name=\"viewport\" content=\"width=device-width, initial-scale=1\">\\n\\","<title>{{env.npm_package_name}} (v{{env.npm_package_version}})</title>\\n\\","<style>\\n\\","/*csslint\\n\\","    box-sizing: false,\\n\\","    universal-selector: false\\n\\","*/\\n\\","* {\\n\\","    box-sizing: border-box;\\n\\","}\\n\\","body {\\n\\","    background: #dde;\\n\\","    font-family: Arial, Helvetica, sans-serif;\\n\\","    margin: 2rem;\\n\\","}\\n\\","body > * {\\n\\","    margin-bottom: 1rem;\\n\\","}\\n\\",".utility2FooterDiv {\\n\\","    margin-top: 20px;\\n\\","    text-align: center;\\n\\","}\\n\\","</style>\\n\\","<style>\\n\\","/*csslint\\n\\","*/\\n\\","textarea {\\n\\","    font-family: monospace;\\n\\","    height: 10rem;\\n\\","    width: 100%;\\n\\","}\\n\\","textarea[readonly] {\\n\\","    background: #ddd;\\n\\","}\\n\\","</style>\\n\\","</head>\\n\\","<body>\\n\\","<!-- utility2-comment\\n\\","<div id=\"ajaxProgressDiv1\" style=\"background: #d00; height: 2px; left: 0; margin: 0; padding: 0; position: fixed; top: 0; transition: background 0.5s, width 1.5s; width: 25%;\"></div>\\n\\","utility2-comment -->\\n\\","<h1>\\n\\","<!-- utility2-comment\\n\\","    <a\\n\\","        {{#if env.npm_package_homepage}}\\n\\","        href=\"{{env.npm_package_homepage}}\"\\n\\","        {{/if env.npm_package_homepage}}\\n\\","        target=\"_blank\"\\n\\","    >\\n\\","utility2-comment -->\\n\\","        {{env.npm_package_name}} (v{{env.npm_package_version}})\\n\\","<!-- utility2-comment\\n\\","    </a>\\n\\","utility2-comment -->\\n\\","</h1>\\n\\","<h3>{{env.npm_package_description}}</h3>\\n\\","<!-- utility2-comment\\n\\","<h4><a download href=\"assets.app.js\">download standalone app</a></h4>\\n\\","<button class=\"onclick onreset\" id=\"testRunButton1\">run internal test</button><br>\\n\\","<div id=\"testReportDiv1\" style=\"display: none;\"></div>\\n\\","utility2-comment -->\\n\\","\\n\\","\\n\\","\\n\\","<label>stderr and stdout</label>\\n\\","<textarea class=\"resettable\" id=\"outputTextareaStdout1\" readonly></textarea>\\n\\","<!-- utility2-comment\\n\\","{{#if isRollup}}\\n\\","<script src=\"assets.app.js\"></script>\\n\\","{{#unless isRollup}}\\n\\","utility2-comment -->\\n\\","<script src=\"assets.utility2.rollup.js\"></script>\\n\\","<script src=\"jsonp.utility2._stateInit?callback=window.utility2._stateInit\"></script>\\n\\","<script src=\"assets.npmtest_fbjs.rollup.js\"></script>\\n\\","<script src=\"assets.example.js\"></script>\\n\\","<script src=\"assets.test.js\"></script>\\n\\","<!-- utility2-comment\\n\\","{{/if isRollup}}\\n\\","utility2-comment -->\\n\\","<div class=\"utility2FooterDiv\">\\n\\","    [ this app was created with\\n\\","    <a href=\"https://github.com/kaizhu256/node-utility2\" target=\"_blank\">utility2</a>\\n\\","    ]\\n\\","</div>\\n\\","</body>\\n\\","</html>\\n\\","';","        /* jslint-ignore-end */","        if (local.templateRender) {","            local.assetsDict['/'] = local.templateRender(","                local.assetsDict['/assets.index.template.html'],","                {","                    env: local.objectSetDefault(local.env, {","                        npm_package_description: 'the greatest app in the world!',","                        npm_package_name: 'my-app',","                        npm_package_nameAlias: 'my_app',","                        npm_package_version: '0.0.1'","                    })","                }","            );","        } else {","            local.assetsDict['/'] = local.assetsDict['/assets.index.template.html']","                .replace((/\\{\\{env\\.(\\w+?)\\}\\}/g), function (match0, match1) {","                    // jslint-hack","                    String(match0);","                    switch (match1) {","                    case 'npm_package_description':","                        return 'the greatest app in the world!';","                    case 'npm_package_name':","                        return 'my-app';","                    case 'npm_package_nameAlias':","                        return 'my_app';","                    case 'npm_package_version':","                        return '0.0.1';","                    }","                });","        }","        // run the cli","        if (local.global.utility2_rollup || module !== require.main) {","            break;","        }","        local.assetsDict['/assets.example.js'] =","            local.assetsDict['/assets.example.js'] ||","            local.fs.readFileSync(__filename, 'utf8');","        // bug-workaround - long $npm_package_buildCustomOrg","        /* jslint-ignore-begin */","        local.assetsDict['/assets.npmtest_fbjs.rollup.js'] =","            local.assetsDict['/assets.npmtest_fbjs.rollup.js'] ||","            local.fs.readFileSync(","                local.npmtest_fbjs.__dirname + '/lib.npmtest_fbjs.js',","                'utf8'","            ).replace((/^#!/), '//');","        /* jslint-ignore-end */","        local.assetsDict['/favicon.ico'] = local.assetsDict['/favicon.ico'] || '';","        // if $npm_config_timeout_exit exists,","        // then exit this process after $npm_config_timeout_exit ms","        if (Number(process.env.npm_config_timeout_exit)) {","            setTimeout(process.exit, Number(process.env.npm_config_timeout_exit));","        }","        // start server","        if (local.global.utility2_serverHttp1) {","            break;","        }","        process.env.PORT = process.env.PORT || '8081';","        console.error('server starting on port ' + process.env.PORT);","        local.http.createServer(function (request, response) {","            request.urlParsed = local.url.parse(request.url);","            if (local.assetsDict[request.urlParsed.pathname] !== undefined) {","                response.end(local.assetsDict[request.urlParsed.pathname]);","                return;","            }","            response.statusCode = 404;","            response.end();","        }).listen(process.env.PORT);","        break;","    }","}());",""],"l":{"26":2,"28":2,"33":2,"35":2,"37":2,"38":2,"39":2,"44":1,"51":2,"55":2,"59":2,"61":2,"69":1,"70":2,"76":2,"79":2,"82":2,"83":2,"85":1,"89":2,"92":1,"93":1,"94":1,"96":1,"97":1,"100":1,"101":1,"103":1,"106":1,"108":2,"114":1,"116":1,"118":1,"123":1,"124":2,"125":2,"126":3,"127":3,"128":3,"129":3,"130":1,"133":3,"134":3,"139":3,"143":1,"144":3,"145":1,"149":1,"150":1,"158":1,"160":1,"161":1,"162":1,"164":1,"166":1,"258":1,"259":1,"271":1,"274":6,"275":6,"277":1,"279":2,"281":1,"283":2,"288":1,"289":1,"291":1,"296":1,"303":1,"306":1,"307":1,"310":1,"311":1,"313":1,"314":1,"315":1,"316":1,"317":1,"318":1,"319":1,"321":1,"322":1,"324":1}},"/home/travis/build/npmtest/node-npmtest-fbjs/node_modules/fbjs/index.js":{"path":"/home/travis/build/npmtest/node-npmtest-fbjs/node_modules/fbjs/index.js","s":{"1":2},"b":{},"f":{},"fnMap":{},"statementMap":{"1":{"start":{"line":12,"column":0},"end":{"line":12,"column":80}}},"branchMap":{},"code":["/**"," * Copyright (c) 2013-present, Facebook, Inc."," * All rights reserved."," *"," * This source code is licensed under the BSD-style license found in the"," * LICENSE file in the root directory of this source tree. An additional grant"," * of patent rights can be found in the PATENTS file in the same directory."," */","","'use strict';","","throw new Error('The fbjs package should not be required without a full path.');",""],"l":{"12":2}},"/home/travis/build/npmtest/node-npmtest-fbjs/node_modules/fbjs/lib/areEqual.js":{"path":"/home/travis/build/npmtest/node-npmtest-fbjs/node_modules/fbjs/lib/areEqual.js","s":{"1":1,"2":1,"3":1,"4":0,"5":0,"6":0,"7":0,"8":0,"9":0,"10":0,"11":0,"12":1,"13":0,"14":0,"15":0,"16":0,"17":0,"18":0,"19":0,"20":0,"21":0,"22":0,"23":0,"24":0,"25":0,"26":0,"27":0,"28":0,"29":0,"30":0,"31":0,"32":0,"33":0,"34":0,"35":0,"36":0,"37":0,"38":0,"39":0,"40":0,"41":0,"42":0,"43":0,"44":0,"45":0,"46":0,"47":0,"48":0,"49":0,"50":0,"51":0,"52":0,"53":0,"54":0,"55":1},"b":{"1":[0,0],"2":[0,0],"3":[0,0],"4":[0,0],"5":[0,0],"6":[0,0],"7":[0,0],"8":[0,0],"9":[0,0],"10":[0,0,0,0,0],"11":[0,0],"12":[0,0],"13":[0,0,0,0],"14":[0,0],"15":[0,0],"16":[0,0],"17":[0,0],"18":[0,0],"19":[0,0],"20":[0,0],"21":[0,0],"22":[0,0]},"f":{"1":0,"2":0},"fnMap":{"1":{"name":"areEqual","line":25,"loc":{"start":{"line":25,"column":0},"end":{"line":25,"column":24}}},"2":{"name":"eq","line":36,"loc":{"start":{"line":36,"column":0},"end":{"line":36,"column":34}}}},"statementMap":{"1":{"start":{"line":14,"column":0},"end":{"line":14,"column":20}},"2":{"start":{"line":15,"column":0},"end":{"line":15,"column":20}},"3":{"start":{"line":25,"column":0},"end":{"line":34,"column":1}},"4":{"start":{"line":26,"column":2},"end":{"line":26,"column":57}},"5":{"start":{"line":27,"column":2},"end":{"line":27,"column":57}},"6":{"start":{"line":28,"column":2},"end":{"line":28,"column":40}},"7":{"start":{"line":29,"column":2},"end":{"line":29,"column":20}},"8":{"start":{"line":30,"column":2},"end":{"line":30,"column":20}},"9":{"start":{"line":31,"column":2},"end":{"line":31,"column":26}},"10":{"start":{"line":32,"column":2},"end":{"line":32,"column":26}},"11":{"start":{"line":33,"column":2},"end":{"line":33,"column":16}},"12":{"start":{"line":36,"column":0},"end":{"line":106,"column":1}},"13":{"start":{"line":37,"column":2},"end":{"line":40,"column":3}},"14":{"start":{"line":39,"column":4},"end":{"line":39,"column":37}},"15":{"start":{"line":41,"column":2},"end":{"line":44,"column":3}},"16":{"start":{"line":43,"column":4},"end":{"line":43,"column":17}},"17":{"start":{"line":45,"column":2},"end":{"line":47,"column":3}},"18":{"start":{"line":46,"column":4},"end":{"line":46,"column":17}},"19":{"start":{"line":48,"column":2},"end":{"line":48,"column":43}},"20":{"start":{"line":49,"column":2},"end":{"line":49,"column":35}},"21":{"start":{"line":50,"column":2},"end":{"line":52,"column":3}},"22":{"start":{"line":51,"column":4},"end":{"line":51,"column":17}},"23":{"start":{"line":53,"column":2},"end":{"line":63,"column":3}},"24":{"start":{"line":55,"column":6},"end":{"line":55,"column":28}},"25":{"start":{"line":57,"column":6},"end":{"line":57,"column":59}},"26":{"start":{"line":60,"column":6},"end":{"line":60,"column":22}},"27":{"start":{"line":62,"column":6},"end":{"line":62,"column":120}},"28":{"start":{"line":65,"column":2},"end":{"line":65,"column":29}},"29":{"start":{"line":66,"column":2},"end":{"line":70,"column":3}},"30":{"start":{"line":67,"column":4},"end":{"line":69,"column":5}},"31":{"start":{"line":68,"column":6},"end":{"line":68,"column":33}},"32":{"start":{"line":71,"column":2},"end":{"line":71,"column":17}},"33":{"start":{"line":72,"column":2},"end":{"line":72,"column":17}},"34":{"start":{"line":73,"column":2},"end":{"line":73,"column":15}},"35":{"start":{"line":75,"column":2},"end":{"line":102,"column":3}},"36":{"start":{"line":76,"column":4},"end":{"line":76,"column":20}},"37":{"start":{"line":77,"column":4},"end":{"line":79,"column":5}},"38":{"start":{"line":78,"column":6},"end":{"line":78,"column":19}},"39":{"start":{"line":81,"column":4},"end":{"line":85,"column":5}},"40":{"start":{"line":82,"column":6},"end":{"line":84,"column":7}},"41":{"start":{"line":83,"column":8},"end":{"line":83,"column":21}},"42":{"start":{"line":87,"column":4},"end":{"line":89,"column":5}},"43":{"start":{"line":88,"column":6},"end":{"line":88,"column":19}},"44":{"start":{"line":90,"column":4},"end":{"line":92,"column":5}},"45":{"start":{"line":91,"column":6},"end":{"line":91,"column":40}},"46":{"start":{"line":93,"column":4},"end":{"line":93,"column":30}},"47":{"start":{"line":94,"column":4},"end":{"line":96,"column":5}},"48":{"start":{"line":95,"column":6},"end":{"line":95,"column":19}},"49":{"start":{"line":97,"column":4},"end":{"line":101,"column":5}},"50":{"start":{"line":98,"column":6},"end":{"line":100,"column":7}},"51":{"start":{"line":99,"column":8},"end":{"line":99,"column":21}},"52":{"start":{"line":103,"column":2},"end":{"line":103,"column":15}},"53":{"start":{"line":104,"column":2},"end":{"line":104,"column":15}},"54":{"start":{"line":105,"column":2},"end":{"line":105,"column":14}},"55":{"start":{"line":108,"column":0},"end":{"line":108,"column":26}}},"branchMap":{"1":{"line":26,"type":"cond-expr","locations":[{"start":{"line":26,"column":35},"end":{"line":26,"column":51}},{"start":{"line":26,"column":54},"end":{"line":26,"column":56}}]},"2":{"line":27,"type":"cond-expr","locations":[{"start":{"line":27,"column":35},"end":{"line":27,"column":51}},{"start":{"line":27,"column":54},"end":{"line":27,"column":56}}]},"3":{"line":37,"type":"if","locations":[{"start":{"line":37,"column":2},"end":{"line":37,"column":2}},{"start":{"line":37,"column":2},"end":{"line":37,"column":2}}]},"4":{"line":39,"type":"binary-expr","locations":[{"start":{"line":39,"column":11},"end":{"line":39,"column":18}},{"start":{"line":39,"column":22},"end":{"line":39,"column":36}}]},"5":{"line":41,"type":"if","locations":[{"start":{"line":41,"column":2},"end":{"line":41,"column":2}},{"start":{"line":41,"column":2},"end":{"line":41,"column":2}}]},"6":{"line":41,"type":"binary-expr","locations":[{"start":{"line":41,"column":6},"end":{"line":41,"column":15}},{"start":{"line":41,"column":19},"end":{"line":41,"column":28}}]},"7":{"line":45,"type":"if","locations":[{"start":{"line":45,"column":2},"end":{"line":45,"column":2}},{"start":{"line":45,"column":2},"end":{"line":45,"column":2}}]},"8":{"line":45,"type":"binary-expr","locations":[{"start":{"line":45,"column":6},"end":{"line":45,"column":26}},{"start":{"line":45,"column":30},"end":{"line":45,"column":50}}]},"9":{"line":50,"type":"if","locations":[{"start":{"line":50,"column":2},"end":{"line":50,"column":2}},{"start":{"line":50,"column":2},"end":{"line":50,"column":2}}]},"10":{"line":53,"type":"switch","locations":[{"start":{"line":54,"column":4},"end":{"line":55,"column":28}},{"start":{"line":56,"column":4},"end":{"line":57,"column":59}},{"start":{"line":58,"column":4},"end":{"line":58,"column":25}},{"start":{"line":59,"column":4},"end":{"line":60,"column":22}},{"start":{"line":61,"column":4},"end":{"line":62,"column":120}}]},"11":{"line":57,"type":"cond-expr","locations":[{"start":{"line":57,"column":36},"end":{"line":57,"column":41}},{"start":{"line":57,"column":44},"end":{"line":57,"column":58}}]},"12":{"line":57,"type":"binary-expr","locations":[{"start":{"line":57,"column":13},"end":{"line":57,"column":21}},{"start":{"line":57,"column":25},"end":{"line":57,"column":33}}]},"13":{"line":62,"type":"binary-expr","locations":[{"start":{"line":62,"column":13},"end":{"line":62,"column":33}},{"start":{"line":62,"column":37},"end":{"line":62,"column":57}},{"start":{"line":62,"column":61},"end":{"line":62,"column":87}},{"start":{"line":62,"column":91},"end":{"line":62,"column":119}}]},"14":{"line":67,"type":"if","locations":[{"start":{"line":67,"column":4},"end":{"line":67,"column":4}},{"start":{"line":67,"column":4},"end":{"line":67,"column":4}}]},"15":{"line":75,"type":"if","locations":[{"start":{"line":75,"column":2},"end":{"line":75,"column":2}},{"start":{"line":75,"column":2},"end":{"line":75,"column":2}}]},"16":{"line":77,"type":"if","locations":[{"start":{"line":77,"column":4},"end":{"line":77,"column":4}},{"start":{"line":77,"column":4},"end":{"line":77,"column":4}}]},"17":{"line":82,"type":"if","locations":[{"start":{"line":82,"column":6},"end":{"line":82,"column":6}},{"start":{"line":82,"column":6},"end":{"line":82,"column":6}}]},"18":{"line":87,"type":"if","locations":[{"start":{"line":87,"column":4},"end":{"line":87,"column":4}},{"start":{"line":87,"column":4},"end":{"line":87,"column":4}}]},"19":{"line":90,"type":"if","locations":[{"start":{"line":90,"column":4},"end":{"line":90,"column":4}},{"start":{"line":90,"column":4},"end":{"line":90,"column":4}}]},"20":{"line":90,"type":"binary-expr","locations":[{"start":{"line":90,"column":8},"end":{"line":90,"column":35}},{"start":{"line":90,"column":39},"end":{"line":90,"column":66}}]},"21":{"line":94,"type":"if","locations":[{"start":{"line":94,"column":4},"end":{"line":94,"column":4}},{"start":{"line":94,"column":4},"end":{"line":94,"column":4}}]},"22":{"line":98,"type":"if","locations":[{"start":{"line":98,"column":6},"end":{"line":98,"column":6}},{"start":{"line":98,"column":6},"end":{"line":98,"column":6}}]}},"code":["'use strict';","","/**"," * Copyright (c) 2013-present, Facebook, Inc."," * All rights reserved."," *"," * This source code is licensed under the BSD-style license found in the"," * LICENSE file in the root directory of this source tree. An additional grant"," * of patent rights can be found in the PATENTS file in the same directory."," *"," * "," */","","var aStackPool = [];","var bStackPool = [];","","/**"," * Checks if two values are equal. Values may be primitives, arrays, or objects."," * Returns true if both arguments have the same keys and values."," *"," * @see http://underscorejs.org"," * @copyright 2009-2013 Jeremy Ashkenas, DocumentCloud Inc."," * @license MIT"," */","function areEqual(a, b) {","  var aStack = aStackPool.length ? aStackPool.pop() : [];","  var bStack = bStackPool.length ? bStackPool.pop() : [];","  var result = eq(a, b, aStack, bStack);","  aStack.length = 0;","  bStack.length = 0;","  aStackPool.push(aStack);","  bStackPool.push(bStack);","  return result;","}","","function eq(a, b, aStack, bStack) {","  if (a === b) {","    // Identical objects are equal. `0 === -0`, but they aren't identical.","    return a !== 0 || 1 / a == 1 / b;","  }","  if (a == null || b == null) {","    // a or b can be `null` or `undefined`","    return false;","  }","  if (typeof a != 'object' || typeof b != 'object') {","    return false;","  }","  var objToStr = Object.prototype.toString;","  var className = objToStr.call(a);","  if (className != objToStr.call(b)) {","    return false;","  }","  switch (className) {","    case '[object String]':","      return a == String(b);","    case '[object Number]':","      return isNaN(a) || isNaN(b) ? false : a == Number(b);","    case '[object Date]':","    case '[object Boolean]':","      return +a == +b;","    case '[object RegExp]':","      return a.source == b.source && a.global == b.global && a.multiline == b.multiline && a.ignoreCase == b.ignoreCase;","  }","  // Assume equality for cyclic structures.","  var length = aStack.length;","  while (length--) {","    if (aStack[length] == a) {","      return bStack[length] == b;","    }","  }","  aStack.push(a);","  bStack.push(b);","  var size = 0;","  // Recursively compare objects and arrays.","  if (className === '[object Array]') {","    size = a.length;","    if (size !== b.length) {","      return false;","    }","    // Deep compare the contents, ignoring non-numeric properties.","    while (size--) {","      if (!eq(a[size], b[size], aStack, bStack)) {","        return false;","      }","    }","  } else {","    if (a.constructor !== b.constructor) {","      return false;","    }","    if (a.hasOwnProperty('valueOf') && b.hasOwnProperty('valueOf')) {","      return a.valueOf() == b.valueOf();","    }","    var keys = Object.keys(a);","    if (keys.length != Object.keys(b).length) {","      return false;","    }","    for (var i = 0; i < keys.length; i++) {","      if (!eq(a[keys[i]], b[keys[i]], aStack, bStack)) {","        return false;","      }","    }","  }","  aStack.pop();","  bStack.pop();","  return true;","}","","module.exports = areEqual;"],"l":{"14":1,"15":1,"25":1,"26":0,"27":0,"28":0,"29":0,"30":0,"31":0,"32":0,"33":0,"36":1,"37":0,"39":0,"41":0,"43":0,"45":0,"46":0,"48":0,"49":0,"50":0,"51":0,"53":0,"55":0,"57":0,"60":0,"62":0,"65":0,"66":0,"67":0,"68":0,"71":0,"72":0,"73":0,"75":0,"76":0,"77":0,"78":0,"81":0,"82":0,"83":0,"87":0,"88":0,"90":0,"91":0,"93":0,"94":0,"95":0,"97":0,"98":0,"99":0,"103":0,"104":0,"105":0,"108":1}},"/home/travis/build/npmtest/node-npmtest-fbjs/node_modules/fbjs/lib/base62.js":{"path":"/home/travis/build/npmtest/node-npmtest-fbjs/node_modules/fbjs/lib/base62.js","s":{"1":1,"2":1,"3":0,"4":0,"5":0,"6":0,"7":0,"8":0,"9":0,"10":1},"b":{"1":[0,0]},"f":{"1":0},"fnMap":{"1":{"name":"base62","line":16,"loc":{"start":{"line":16,"column":0},"end":{"line":16,"column":24}}}},"statementMap":{"1":{"start":{"line":14,"column":0},"end":{"line":14,"column":78}},"2":{"start":{"line":16,"column":0},"end":{"line":26,"column":1}},"3":{"start":{"line":17,"column":2},"end":{"line":19,"column":3}},"4":{"start":{"line":18,"column":4},"end":{"line":18,"column":15}},"5":{"start":{"line":20,"column":2},"end":{"line":20,"column":18}},"6":{"start":{"line":21,"column":2},"end":{"line":24,"column":3}},"7":{"start":{"line":22,"column":4},"end":{"line":22,"column":42}},"8":{"start":{"line":23,"column":4},"end":{"line":23,"column":37}},"9":{"start":{"line":25,"column":2},"end":{"line":25,"column":16}},"10":{"start":{"line":28,"column":0},"end":{"line":28,"column":24}}},"branchMap":{"1":{"line":17,"type":"if","locations":[{"start":{"line":17,"column":2},"end":{"line":17,"column":2}},{"start":{"line":17,"column":2},"end":{"line":17,"column":2}}]}},"code":["/**"," * Copyright (c) 2013-present, Facebook, Inc."," * All rights reserved."," *"," * This source code is licensed under the BSD-style license found in the"," * LICENSE file in the root directory of this source tree. An additional grant"," * of patent rights can be found in the PATENTS file in the same directory."," *"," * "," */","","'use strict';","","var BASE62 = '0123456789abcdefghijklmnopqrstuvwxyzABCDEFGHIJKLMNOPQRSTUVWXYZ';","","function base62(number) {","  if (!number) {","    return '0';","  }","  var string = '';","  while (number > 0) {","    string = BASE62[number % 62] + string;","    number = Math.floor(number / 62);","  }","  return string;","}","","module.exports = base62;"],"l":{"14":1,"16":1,"17":0,"18":0,"20":0,"21":0,"22":0,"23":0,"25":0,"28":1}},"/home/travis/build/npmtest/node-npmtest-fbjs/node_modules/fbjs/lib/camelize.js":{"path":"/home/travis/build/npmtest/node-npmtest-fbjs/node_modules/fbjs/lib/camelize.js","s":{"1":1,"2":1,"3":0,"4":0,"5":1},"b":{},"f":{"1":0,"2":0},"fnMap":{"1":{"name":"camelize","line":25,"loc":{"start":{"line":25,"column":0},"end":{"line":25,"column":26}}},"2":{"name":"(anonymous_2)","line":26,"loc":{"start":{"line":26,"column":40},"end":{"line":26,"column":64}}}},"statementMap":{"1":{"start":{"line":14,"column":0},"end":{"line":14,"column":29}},"2":{"start":{"line":25,"column":0},"end":{"line":29,"column":1}},"3":{"start":{"line":26,"column":2},"end":{"line":28,"column":5}},"4":{"start":{"line":27,"column":4},"end":{"line":27,"column":35}},"5":{"start":{"line":31,"column":0},"end":{"line":31,"column":26}}},"branchMap":{},"code":["\"use strict\";","","/**"," * Copyright (c) 2013-present, Facebook, Inc."," * All rights reserved."," *"," * This source code is licensed under the BSD-style license found in the"," * LICENSE file in the root directory of this source tree. An additional grant"," * of patent rights can be found in the PATENTS file in the same directory."," *"," * @typechecks"," */","","var _hyphenPattern = /-(.)/g;","","/**"," * Camelcases a hyphenated string, for example:"," *"," *   > camelize('background-color')"," *   < \"backgroundColor\""," *"," * @param {string} string"," * @return {string}"," */","function camelize(string) {","  return string.replace(_hyphenPattern, function (_, character) {","    return character.toUpperCase();","  });","}","","module.exports = camelize;"],"l":{"14":1,"25":1,"26":0,"27":0,"31":1}},"/home/travis/build/npmtest/node-npmtest-fbjs/node_modules/fbjs/lib/camelizeStyleName.js":{"path":"/home/travis/build/npmtest/node-npmtest-fbjs/node_modules/fbjs/lib/camelizeStyleName.js","s":{"1":1,"2":1,"3":1,"4":0,"5":1},"b":{},"f":{"1":0},"fnMap":{"1":{"name":"camelizeStyleName","line":35,"loc":{"start":{"line":35,"column":0},"end":{"line":35,"column":35}}}},"statementMap":{"1":{"start":{"line":14,"column":0},"end":{"line":14,"column":37}},"2":{"start":{"line":16,"column":0},"end":{"line":16,"column":24}},"3":{"start":{"line":35,"column":0},"end":{"line":37,"column":1}},"4":{"start":{"line":36,"column":2},"end":{"line":36,"column":52}},"5":{"start":{"line":39,"column":0},"end":{"line":39,"column":35}}},"branchMap":{},"code":["/**"," * Copyright (c) 2013-present, Facebook, Inc."," * All rights reserved."," *"," * This source code is licensed under the BSD-style license found in the"," * LICENSE file in the root directory of this source tree. An additional grant"," * of patent rights can be found in the PATENTS file in the same directory."," *"," * @typechecks"," */","","'use strict';","","var camelize = require('./camelize');","","var msPattern = /^-ms-/;","","/**"," * Camelcases a hyphenated CSS property name, for example:"," *"," *   > camelizeStyleName('background-color')"," *   < \"backgroundColor\""," *   > camelizeStyleName('-moz-transition')"," *   < \"MozTransition\""," *   > camelizeStyleName('-ms-transition')"," *   < \"msTransition\""," *"," * As Andi Smith suggests"," * (http://www.andismith.com/blog/2012/02/modernizr-prefixed/), an `-ms` prefix"," * is converted to lowercase `ms`."," *"," * @param {string} string"," * @return {string}"," */","function camelizeStyleName(string) {","  return camelize(string.replace(msPattern, 'ms-'));","}","","module.exports = camelizeStyleName;"],"l":{"14":1,"16":1,"35":1,"36":0,"39":1}},"/home/travis/build/npmtest/node-npmtest-fbjs/node_modules/fbjs/lib/compactArray.js":{"path":"/home/travis/build/npmtest/node-npmtest-fbjs/node_modules/fbjs/lib/compactArray.js","s":{"1":1,"2":0,"3":0,"4":0,"5":0,"6":0,"7":0,"8":1},"b":{"1":[0,0]},"f":{"1":0},"fnMap":{"1":{"name":"compactArray","line":16,"loc":{"start":{"line":16,"column":0},"end":{"line":16,"column":29}}}},"statementMap":{"1":{"start":{"line":16,"column":0},"end":{"line":25,"column":1}},"2":{"start":{"line":17,"column":2},"end":{"line":17,"column":18}},"3":{"start":{"line":18,"column":2},"end":{"line":23,"column":3}},"4":{"start":{"line":19,"column":4},"end":{"line":19,"column":24}},"5":{"start":{"line":20,"column":4},"end":{"line":22,"column":5}},"6":{"start":{"line":21,"column":6},"end":{"line":21,"column":24}},"7":{"start":{"line":24,"column":2},"end":{"line":24,"column":16}},"8":{"start":{"line":27,"column":0},"end":{"line":27,"column":30}}},"branchMap":{"1":{"line":20,"type":"if","locations":[{"start":{"line":20,"column":4},"end":{"line":20,"column":4}},{"start":{"line":20,"column":4},"end":{"line":20,"column":4}}]}},"code":["/**"," * Copyright 2015-present Facebook. All Rights Reserved."," *"," * @typechecks"," * "," */","","'use strict';","","/**"," * Returns a new Array containing all the element of the source array except"," * `null` and `undefined` ones. This brings the benefit of strong typing over"," * `Array.prototype.filter`."," */","","function compactArray(array) {","  var result = [];","  for (var i = 0; i < array.length; ++i) {","    var elem = array[i];","    if (elem != null) {","      result.push(elem);","    }","  }","  return result;","}","","module.exports = compactArray;"],"l":{"16":1,"17":0,"18":0,"19":0,"20":0,"21":0,"24":0,"27":1}},"/home/travis/build/npmtest/node-npmtest-fbjs/node_modules/fbjs/lib/concatAllArray.js":{"path":"/home/travis/build/npmtest/node-npmtest-fbjs/node_modules/fbjs/lib/concatAllArray.js","s":{"1":1,"2":1,"3":0,"4":0,"5":0,"6":0,"7":0,"8":0,"9":0,"10":0,"11":1},"b":{"1":[0,0],"2":[0,0]},"f":{"1":0},"fnMap":{"1":{"name":"concatAllArray","line":22,"loc":{"start":{"line":22,"column":0},"end":{"line":22,"column":31}}}},"statementMap":{"1":{"start":{"line":14,"column":0},"end":{"line":14,"column":32}},"2":{"start":{"line":22,"column":0},"end":{"line":33,"column":1}},"3":{"start":{"line":23,"column":2},"end":{"line":23,"column":15}},"4":{"start":{"line":24,"column":2},"end":{"line":31,"column":3}},"5":{"start":{"line":25,"column":4},"end":{"line":25,"column":26}},"6":{"start":{"line":26,"column":4},"end":{"line":30,"column":5}},"7":{"start":{"line":27,"column":6},"end":{"line":27,"column":29}},"8":{"start":{"line":28,"column":11},"end":{"line":30,"column":5}},"9":{"start":{"line":29,"column":6},"end":{"line":29,"column":149}},"10":{"start":{"line":32,"column":2},"end":{"line":32,"column":13}},"11":{"start":{"line":35,"column":0},"end":{"line":35,"column":32}}},"branchMap":{"1":{"line":26,"type":"if","locations":[{"start":{"line":26,"column":4},"end":{"line":26,"column":4}},{"start":{"line":26,"column":4},"end":{"line":26,"column":4}}]},"2":{"line":28,"type":"if","locations":[{"start":{"line":28,"column":11},"end":{"line":28,"column":11}},{"start":{"line":28,"column":11},"end":{"line":28,"column":11}}]}},"code":["'use strict';","","/**"," * Copyright (c) 2013-present, Facebook, Inc."," * All rights reserved."," *"," * This source code is licensed under the BSD-style license found in the"," * LICENSE file in the root directory of this source tree. An additional grant"," * of patent rights can be found in the PATENTS file in the same directory."," *"," * @typechecks"," */","","var push = Array.prototype.push;","","/**"," * Concats an array of arrays into a single flat array."," *"," * @param {array} array"," * @return {array}"," */","function concatAllArray(array) {","  var ret = [];","  for (var ii = 0; ii < array.length; ii++) {","    var value = array[ii];","    if (Array.isArray(value)) {","      push.apply(ret, value);","    } else if (value != null) {","      throw new TypeError('concatAllArray: All items in the array must be an array or null, ' + 'got \"' + value + '\" at index \"' + ii + '\" instead');","    }","  }","  return ret;","}","","module.exports = concatAllArray;"],"l":{"14":1,"22":1,"23":0,"24":0,"25":0,"26":0,"27":0,"28":0,"29":0,"32":0,"35":1}},"/home/travis/build/npmtest/node-npmtest-fbjs/node_modules/fbjs/lib/containsNode.js":{"path":"/home/travis/build/npmtest/node-npmtest-fbjs/node_modules/fbjs/lib/containsNode.js","s":{"1":1,"2":1,"3":0,"4":0,"5":0,"6":0,"7":0,"8":0,"9":0,"10":0,"11":0,"12":0,"13":0,"14":0,"15":0,"16":1},"b":{"1":[0,0],"2":[0,0],"3":[0,0],"4":[0,0],"5":[0,0],"6":[0,0],"7":[0,0]},"f":{"1":0},"fnMap":{"1":{"name":"containsNode","line":21,"loc":{"start":{"line":21,"column":0},"end":{"line":21,"column":44}}}},"statementMap":{"1":{"start":{"line":14,"column":0},"end":{"line":14,"column":41}},"2":{"start":{"line":21,"column":0},"end":{"line":37,"column":1}},"3":{"start":{"line":22,"column":2},"end":{"line":36,"column":3}},"4":{"start":{"line":23,"column":4},"end":{"line":23,"column":17}},"5":{"start":{"line":24,"column":9},"end":{"line":36,"column":3}},"6":{"start":{"line":25,"column":4},"end":{"line":25,"column":16}},"7":{"start":{"line":26,"column":9},"end":{"line":36,"column":3}},"8":{"start":{"line":27,"column":4},"end":{"line":27,"column":17}},"9":{"start":{"line":28,"column":9},"end":{"line":36,"column":3}},"10":{"start":{"line":29,"column":4},"end":{"line":29,"column":57}},"11":{"start":{"line":30,"column":9},"end":{"line":36,"column":3}},"12":{"start":{"line":31,"column":4},"end":{"line":31,"column":41}},"13":{"start":{"line":32,"column":9},"end":{"line":36,"column":3}},"14":{"start":{"line":33,"column":4},"end":{"line":33,"column":65}},"15":{"start":{"line":35,"column":4},"end":{"line":35,"column":17}},"16":{"start":{"line":39,"column":0},"end":{"line":39,"column":30}}},"branchMap":{"1":{"line":22,"type":"if","locations":[{"start":{"line":22,"column":2},"end":{"line":22,"column":2}},{"start":{"line":22,"column":2},"end":{"line":22,"column":2}}]},"2":{"line":22,"type":"binary-expr","locations":[{"start":{"line":22,"column":6},"end":{"line":22,"column":16}},{"start":{"line":22,"column":20},"end":{"line":22,"column":30}}]},"3":{"line":24,"type":"if","locations":[{"start":{"line":24,"column":9},"end":{"line":24,"column":9}},{"start":{"line":24,"column":9},"end":{"line":24,"column":9}}]},"4":{"line":26,"type":"if","locations":[{"start":{"line":26,"column":9},"end":{"line":26,"column":9}},{"start":{"line":26,"column":9},"end":{"line":26,"column":9}}]},"5":{"line":28,"type":"if","locations":[{"start":{"line":28,"column":9},"end":{"line":28,"column":9}},{"start":{"line":28,"column":9},"end":{"line":28,"column":9}}]},"6":{"line":30,"type":"if","locations":[{"start":{"line":30,"column":9},"end":{"line":30,"column":9}},{"start":{"line":30,"column":9},"end":{"line":30,"column":9}}]},"7":{"line":32,"type":"if","locations":[{"start":{"line":32,"column":9},"end":{"line":32,"column":9}},{"start":{"line":32,"column":9},"end":{"line":32,"column":9}}]}},"code":["'use strict';","","/**"," * Copyright (c) 2013-present, Facebook, Inc."," * All rights reserved."," *"," * This source code is licensed under the BSD-style license found in the"," * LICENSE file in the root directory of this source tree. An additional grant"," * of patent rights can be found in the PATENTS file in the same directory."," *"," * "," */","","var isTextNode = require('./isTextNode');","","/*eslint-disable no-bitwise */","","/**"," * Checks if a given DOM node contains or is another DOM node."," */","function containsNode(outerNode, innerNode) {","  if (!outerNode || !innerNode) {","    return false;","  } else if (outerNode === innerNode) {","    return true;","  } else if (isTextNode(outerNode)) {","    return false;","  } else if (isTextNode(innerNode)) {","    return containsNode(outerNode, innerNode.parentNode);","  } else if ('contains' in outerNode) {","    return outerNode.contains(innerNode);","  } else if (outerNode.compareDocumentPosition) {","    return !!(outerNode.compareDocumentPosition(innerNode) & 16);","  } else {","    return false;","  }","}","","module.exports = containsNode;"],"l":{"14":1,"21":1,"22":0,"23":0,"24":0,"25":0,"26":0,"27":0,"28":0,"29":0,"30":0,"31":0,"32":0,"33":0,"35":0,"39":1}},"/home/travis/build/npmtest/node-npmtest-fbjs/node_modules/fbjs/lib/isTextNode.js":{"path":"/home/travis/build/npmtest/node-npmtest-fbjs/node_modules/fbjs/lib/isTextNode.js","s":{"1":1,"2":1,"3":0,"4":1},"b":{"1":[0,0]},"f":{"1":0},"fnMap":{"1":{"name":"isTextNode","line":20,"loc":{"start":{"line":20,"column":0},"end":{"line":20,"column":28}}}},"statementMap":{"1":{"start":{"line":14,"column":0},"end":{"line":14,"column":33}},"2":{"start":{"line":20,"column":0},"end":{"line":22,"column":1}},"3":{"start":{"line":21,"column":2},"end":{"line":21,"column":48}},"4":{"start":{"line":24,"column":0},"end":{"line":24,"column":28}}},"branchMap":{"1":{"line":21,"type":"binary-expr","locations":[{"start":{"line":21,"column":9},"end":{"line":21,"column":23}},{"start":{"line":21,"column":27},"end":{"line":21,"column":47}}]}},"code":["'use strict';","","/**"," * Copyright (c) 2013-present, Facebook, Inc."," * All rights reserved."," *"," * This source code is licensed under the BSD-style license found in the"," * LICENSE file in the root directory of this source tree. An additional grant"," * of patent rights can be found in the PATENTS file in the same directory."," *"," * @typechecks"," */","","var isNode = require('./isNode');","","/**"," * @param {*} object The object to check."," * @return {boolean} Whether or not the object is a DOM text node."," */","function isTextNode(object) {","  return isNode(object) && object.nodeType == 3;","}","","module.exports = isTextNode;"],"l":{"14":1,"20":1,"21":0,"24":1}},"/home/travis/build/npmtest/node-npmtest-fbjs/node_modules/fbjs/lib/isNode.js":{"path":"/home/travis/build/npmtest/node-npmtest-fbjs/node_modules/fbjs/lib/isNode.js","s":{"1":1,"2":0,"3":0,"4":0,"5":1},"b":{"1":[0,0],"2":[0,0],"3":[0,0],"4":[0,0],"5":[0,0],"6":[0,0,0]},"f":{"1":0},"fnMap":{"1":{"name":"isNode","line":18,"loc":{"start":{"line":18,"column":0},"end":{"line":18,"column":24}}}},"statementMap":{"1":{"start":{"line":18,"column":0},"end":{"line":22,"column":1}},"2":{"start":{"line":19,"column":2},"end":{"line":19,"column":63}},"3":{"start":{"line":20,"column":2},"end":{"line":20,"column":46}},"4":{"start":{"line":21,"column":2},"end":{"line":21,"column":208}},"5":{"start":{"line":24,"column":0},"end":{"line":24,"column":24}}},"branchMap":{"1":{"line":19,"type":"cond-expr","locations":[{"start":{"line":19,"column":21},"end":{"line":19,"column":51}},{"start":{"line":19,"column":54},"end":{"line":19,"column":62}}]},"2":{"line":19,"type":"binary-expr","locations":[{"start":{"line":19,"column":21},"end":{"line":19,"column":41}},{"start":{"line":19,"column":45},"end":{"line":19,"column":51}}]},"3":{"line":20,"type":"binary-expr","locations":[{"start":{"line":20,"column":20},"end":{"line":20,"column":35}},{"start":{"line":20,"column":39},"end":{"line":20,"column":45}}]},"4":{"line":21,"type":"binary-expr","locations":[{"start":{"line":21,"column":12},"end":{"line":21,"column":18}},{"start":{"line":21,"column":23},"end":{"line":21,"colum
[...]
":{"start":{"line":331,"column":2},"end":{"line":333,"column":42}},"99":{"start":{"line":335,"column":2},"end":{"line":340,"column":3}},"100":{"start":{"line":336,"column":4},"end":{"line":336,"column":64}},"101":{"start":{"line":337,"column":4},"end":{"line":339,"column":5}},"102":{"start":{"line":338,"column":6},"end":{"line":338,"column":20}},"103":{"start":{"line":342,"column":2},"end":{"line":342,"column":11}},"104":{"start":{"line":345,"column":0},"end":{"line":380,"column":2}},"105":{"start":{"line":378,"column":4},"end":{"line":378,"column":59}},"106":{"start":{"line":382,"column":0},"end":{"line":382,"column":30}}},"branchMap":{"1":{"line":32,"type":"if","locations":[{"start":{"line":32,"column":2},"end":{"line":32,"column":2}},{"start":{"line":32,"column":2},"end":{"line":32,"column":2}}]},"2":{"line":53,"type":"cond-expr","locations":[{"start":{"line":53,"column":57},"end":{"line":53,"column":179}},{"start":{"line":53,"column":182},"end":{"line":53,"column":188}}]},"3":{"line":53,"type":"binary-expr","locations":[{"start":{"line":53,"column":4},"end":{"line":53,"column":26}},{"start":{"line":53,"column":30},"end":{"line":53,"column":53}}]},"4":{"line":53,"type":"cond-expr","locations":[{"start":{"line":53,"column":97},"end":{"line":53,"column":160}},{"start":{"line":53,"column":163},"end":{"line":53,"column":179}}]},"5":{"line":55,"type":"if","locations":[{"start":{"line":55,"column":2},"end":{"line":55,"column":2}},{"start":{"line":55,"column":2},"end":{"line":55,"column":2}}]},"6":{"line":61,"type":"cond-expr","locations":[{"start":{"line":61,"column":70},"end":{"line":61,"column":207}},{"start":{"line":61,"column":210},"end":{"line":61,"column":216}}]},"7":{"line":61,"type":"binary-expr","locations":[{"start":{"line":61,"column":6},"end":{"line":61,"column":35}},{"start":{"line":61,"column":39},"end":{"line":61,"column":66}}]},"8":{"line":61,"type":"cond-expr","locations":[{"start":{"line":61,"column":110},"end":{"line":61,"column":188}},{"start":{"line":61,"column":191},"end":{"line":61,"column":207}}]},"9":{"line":63,"type":"binary-expr","locations":[{"start":{"line":63,"column":11},"end":{"line":63,"column":62}},{"start":{"line":63,"column":66},"end":{"line":63,"column":115}}]},"10":{"line":77,"type":"if","locations":[{"start":{"line":77,"column":2},"end":{"line":77,"column":2}},{"start":{"line":77,"column":2},"end":{"line":77,"column":2}}]},"11":{"line":87,"type":"switch","locations":[{"start":{"line":88,"column":4},"end":{"line":89,"column":63}},{"start":{"line":90,"column":4},"end":{"line":91,"column":70}},{"start":{"line":92,"column":4},"end":{"line":93,"column":73}},{"start":{"line":94,"column":4},"end":{"line":95,"column":66}},{"start":{"line":96,"column":4},"end":{"line":96,"column":13}},{"start":{"line":97,"column":4},"end":{"line":98,"column":73}},{"start":{"line":99,"column":4},"end":{"line":100,"column":60}}]},"12":{"line":124,"type":"binary-expr","locations":[{"start":{"line":124,"column":9},"end":{"line":124,"column":22}},{"start":{"line":124,"column":26},"end":{"line":124,"column":38}}]},"13":{"line":147,"type":"binary-expr","locations":[{"start":{"line":147,"column":9},"end":{"line":147,"column":21}},{"start":{"line":147,"column":25},"end":{"line":147,"column":37}}]},"14":{"line":174,"type":"if","locations":[{"start":{"line":174,"column":2},"end":{"line":174,"column":2}},{"start":{"line":174,"column":2},"end":{"line":174,"column":2}}]},"15":{"line":179,"type":"if","locations":[{"start":{"line":179,"column":2},"end":{"line":179,"column":2}},{"start":{"line":179,"column":2},"end":{"line":179,"column":2}}]},"16":{"line":183,"type":"binary-expr","locations":[{"start":{"line":183,"column":9},"end":{"line":183,"column":47}},{"start":{"line":183,"column":51},"end":{"line":183,"column":79}}]},"17":{"line":199,"type":"cond-expr","locations":[{"start":{"line":199,"column":13},"end":{"line":199,"column":130}},{"start":{"line":199,"column":133},"end":{"line":199,"column":139}}]},"18":{"line":199,"type":"cond-expr","locations":[{"start":{"line":199,"column":53},"end":{"line":199,"column":111}},{"start":{"line":199,"column":114},"end":{"line":199,"column":130}}]},"19":{"line":214,"type":"binary-expr","locations":[{"start":{"line":214,"column":9},"end":{"line":214,"column":23}},{"start":{"line":214,"column":27},"end":{"line":214,"column":43}}]},"20":{"line":262,"type":"if","locations":[{"start":{"line":262,"column":4},"end":{"line":262,"column":4}},{"start":{"line":262,"column":4},"end":{"line":262,"column":4}}]},"21":{"line":266,"type":"if","locations":[{"start":{"line":266,"column":6},"end":{"line":266,"column":6}},{"start":{"line":266,"column":6},"end":{"line":266,"column":6}}]},"22":{"line":266,"type":"binary-expr","locations":[{"start":{"line":266,"column":10},"end":{"line":266,"column":28}},{"start":{"line":266,"column":32},"end":{"line":266,"column":50}}]},"23":{"line":295,"type":"if","locations":[{"start":{"line":295,"column":2},"end":{"line":295,"column":2}},{"start":{"line":295,"column":2},"end":{"line":295,"column":2}}]},"24":{"line":295,"type":"binary-expr","locations":[{"start":{"line":295,"column":6},"end":{"line":295,"column":24}},{"start":{"line":295,"column":28},"end":{"line":295,"column":46}},{"start":{"line":295,"column":50},"end":{"line":295,"column":71}}]},"25":{"line":311,"type":"cond-expr","locations":[{"start":{"line":311,"column":29},"end":{"line":311,"column":144}},{"start":{"line":311,"column":147},"end":{"line":311,"column":153}}]},"26":{"line":311,"type":"cond-expr","locations":[{"start":{"line":311,"column":69},"end":{"line":311,"column":125}},{"start":{"line":311,"column":128},"end":{"line":311,"column":144}}]},"27":{"line":313,"type":"if","locations":[{"start":{"line":313,"column":2},"end":{"line":313,"column":2}},{"start":{"line":313,"column":2},"end":{"line":313,"column":2}}]},"28":{"line":315,"type":"if","locations":[{"start":{"line":315,"column":9},"end":{"line":315,"column":9}},{"start":{"line":315,"column":9},"end":{"line":315,"column":9}}]},"29":{"line":337,"type":"if","locations":[{"start":{"line":337,"column":4},"end":{"line":337,"column":4}},{"start":{"line":337,"column":4},"end":{"line":337,"column":4}}]}},"code":["/**"," * Copyright (c) 2013-present, Facebook, Inc."," * All rights reserved."," *"," * This source code is licensed under the BSD-style license found in the"," * LICENSE file in the root directory of this source tree. An additional grant"," * of patent rights can be found in the PATENTS file in the same directory."," *"," */","","'use strict';","","var invariant = require('./invariant');","","var componentRegex = /\\./;","var orRegex = /\\|\\|/;","var rangeRegex = /\\s+\\-\\s+/;","var modifierRegex = /^(<=|<|=|>=|~>|~|>|)?\\s*(.+)/;","var numericRegex = /^(\\d*)(.*)/;","","/**"," * Splits input `range` on \"||\" and returns true if any subrange matches"," * `version`."," *"," * @param {string} range"," * @param {string} version"," * @returns {boolean}"," */","function checkOrExpression(range, version) {","  var expressions = range.split(orRegex);","","  if (expressions.length > 1) {","    return expressions.some(function (range) {","      return VersionRange.contains(range, version);","    });","  } else {","    range = expressions[0].trim();","    return checkRangeExpression(range, version);","  }","}","","/**"," * Splits input `range` on \" - \" (the surrounding whitespace is required) and"," * returns true if version falls between the two operands."," *"," * @param {string} range"," * @param {string} version"," * @returns {boolean}"," */","function checkRangeExpression(range, version) {","  var expressions = range.split(rangeRegex);","","  !(expressions.length > 0 && expressions.length <= 2) ? process.env.NODE_ENV !== 'production' ? invariant(false, 'the \"-\" operator expects exactly 2 operands') : invariant(false) : void 0;","","  if (expressions.length === 1) {","    return checkSimpleExpression(expressions[0], version);","  } else {","    var startVersion = expressions[0],","        endVersion = expressions[1];","","    !(isSimpleVersion(startVersion) && isSimpleVersion(endVersion)) ? process.env.NODE_ENV !== 'production' ? invariant(false, 'operands to the \"-\" operator must be simple (no modifiers)') : invariant(false) : void 0;","","    return checkSimpleExpression('>=' + startVersion, version) && checkSimpleExpression('<=' + endVersion, version);","  }","}","","/**"," * Checks if `range` matches `version`. `range` should be a \"simple\" range (ie."," * not a compound range using the \" - \" or \"||\" operators)."," *"," * @param {string} range"," * @param {string} version"," * @returns {boolean}"," */","function checkSimpleExpression(range, version) {","  range = range.trim();","  if (range === '') {","    return true;","  }","","  var versionComponents = version.split(componentRegex);","","  var _getModifierAndCompon = getModifierAndComponents(range),","      modifier = _getModifierAndCompon.modifier,","      rangeComponents = _getModifierAndCompon.rangeComponents;","","  switch (modifier) {","    case '<':","      return checkLessThan(versionComponents, rangeComponents);","    case '<=':","      return checkLessThanOrEqual(versionComponents, rangeComponents);","    case '>=':","      return checkGreaterThanOrEqual(versionComponents, rangeComponents);","    case '>':","      return checkGreaterThan(versionComponents, rangeComponents);","    case '~':","    case '~>':","      return checkApproximateVersion(versionComponents, rangeComponents);","    default:","      return checkEqual(versionComponents, rangeComponents);","  }","}","","/**"," * Checks whether `a` is less than `b`."," *"," * @param {array<string>} a"," * @param {array<string>} b"," * @returns {boolean}"," */","function checkLessThan(a, b) {","  return compareComponents(a, b) === -1;","}","","/**"," * Checks whether `a` is less than or equal to `b`."," *"," * @param {array<string>} a"," * @param {array<string>} b"," * @returns {boolean}"," */","function checkLessThanOrEqual(a, b) {","  var result = compareComponents(a, b);","  return result === -1 || result === 0;","}","","/**"," * Checks whether `a` is equal to `b`."," *"," * @param {array<string>} a"," * @param {array<string>} b"," * @returns {boolean}"," */","function checkEqual(a, b) {","  return compareComponents(a, b) === 0;","}","","/**"," * Checks whether `a` is greater than or equal to `b`."," *"," * @param {array<string>} a"," * @param {array<string>} b"," * @returns {boolean}"," */","function checkGreaterThanOrEqual(a, b) {","  var result = compareComponents(a, b);","  return result === 1 || result === 0;","}","","/**"," * Checks whether `a` is greater than `b`."," *"," * @param {array<string>} a"," * @param {array<string>} b"," * @returns {boolean}"," */","function checkGreaterThan(a, b) {","  return compareComponents(a, b) === 1;","}","","/**"," * Checks whether `a` is \"reasonably close\" to `b` (as described in"," * https://www.npmjs.org/doc/misc/semver.html). For example, if `b` is \"1.3.1\""," * then \"reasonably close\" is defined as \">= 1.3.1 and < 1.4\"."," *"," * @param {array<string>} a"," * @param {array<string>} b"," * @returns {boolean}"," */","function checkApproximateVersion(a, b) {","  var lowerBound = b.slice();","  var upperBound = b.slice();","","  if (upperBound.length > 1) {","    upperBound.pop();","  }","  var lastIndex = upperBound.length - 1;","  var numeric = parseInt(upperBound[lastIndex], 10);","  if (isNumber(numeric)) {","    upperBound[lastIndex] = numeric + 1 + '';","  }","","  return checkGreaterThanOrEqual(a, lowerBound) && checkLessThan(a, upperBound);","}","","/**"," * Extracts the optional modifier (<, <=, =, >=, >, ~, ~>) and version"," * components from `range`."," *"," * For example, given `range` \">= 1.2.3\" returns an object with a `modifier` of"," * `\">=\"` and `components` of `[1, 2, 3]`."," *"," * @param {string} range"," * @returns {object}"," */","function getModifierAndComponents(range) {","  var rangeComponents = range.split(componentRegex);","  var matches = rangeComponents[0].match(modifierRegex);","  !matches ? process.env.NODE_ENV !== 'production' ? invariant(false, 'expected regex to match but it did not') : invariant(false) : void 0;","","  return {","    modifier: matches[1],","    rangeComponents: [matches[2]].concat(rangeComponents.slice(1))","  };","}","","/**"," * Determines if `number` is a number."," *"," * @param {mixed} number"," * @returns {boolean}"," */","function isNumber(number) {","  return !isNaN(number) && isFinite(number);","}","","/**"," * Tests whether `range` is a \"simple\" version number without any modifiers"," * (\">\", \"~\" etc)."," *"," * @param {string} range"," * @returns {boolean}"," */","function isSimpleVersion(range) {","  return !getModifierAndComponents(range).modifier;","}","","/**"," * Zero-pads array `array` until it is at least `length` long."," *"," * @param {array} array"," * @param {number} length"," */","function zeroPad(array, length) {","  for (var i = array.length; i < length; i++) {","    array[i] = '0';","  }","}","","/**"," * Normalizes `a` and `b` in preparation for comparison by doing the following:"," *"," * - zero-pads `a` and `b`"," * - marks any \"x\", \"X\" or \"*\" component in `b` as equivalent by zero-ing it out"," *   in both `a` and `b`"," * - marks any final \"*\" component in `b` as a greedy wildcard by zero-ing it"," *   and all of its successors in `a`"," *"," * @param {array<string>} a"," * @param {array<string>} b"," * @returns {array<array<string>>}"," */","function normalizeVersions(a, b) {","  a = a.slice();","  b = b.slice();","","  zeroPad(a, b.length);","","  // mark \"x\" and \"*\" components as equal","  for (var i = 0; i < b.length; i++) {","    var matches = b[i].match(/^[x*]$/i);","    if (matches) {","      b[i] = a[i] = '0';","","      // final \"*\" greedily zeros all remaining components","      if (matches[0] === '*' && i === b.length - 1) {","        for (var j = i; j < a.length; j++) {","          a[j] = '0';","        }","      }","    }","  }","","  zeroPad(b, a.length);","","  return [a, b];","}","","/**"," * Returns the numerical -- not the lexicographical -- ordering of `a` and `b`."," *"," * For example, `10-alpha` is greater than `2-beta`."," *"," * @param {string} a"," * @param {string} b"," * @returns {number} -1, 0 or 1 to indicate whether `a` is less than, equal to,"," * or greater than `b`, respectively"," */","function compareNumeric(a, b) {","  var aPrefix = a.match(numericRegex)[1];","  var bPrefix = b.match(numericRegex)[1];","  var aNumeric = parseInt(aPrefix, 10);","  var bNumeric = parseInt(bPrefix, 10);","","  if (isNumber(aNumeric) && isNumber(bNumeric) && aNumeric !== bNumeric) {","    return compare(aNumeric, bNumeric);","  } else {","    return compare(a, b);","  }","}","","/**"," * Returns the ordering of `a` and `b`."," *"," * @param {string|number} a"," * @param {string|number} b"," * @returns {number} -1, 0 or 1 to indicate whether `a` is less than, equal to,"," * or greater than `b`, respectively"," */","function compare(a, b) {","  !(typeof a === typeof b) ? process.env.NODE_ENV !== 'production' ? invariant(false, '\"a\" and \"b\" must be of the same type') : invariant(false) : void 0;","","  if (a > b) {","    return 1;","  } else if (a < b) {","    return -1;","  } else {","    return 0;","  }","}","","/**"," * Compares arrays of version components."," *"," * @param {array<string>} a"," * @param {array<string>} b"," * @returns {number} -1, 0 or 1 to indicate whether `a` is less than, equal to,"," * or greater than `b`, respectively"," */","function compareComponents(a, b) {","  var _normalizeVersions = normalizeVersions(a, b),","      aNormalized = _normalizeVersions[0],","      bNormalized = _normalizeVersions[1];","","  for (var i = 0; i < bNormalized.length; i++) {","    var result = compareNumeric(aNormalized[i], bNormalized[i]);","    if (result) {","      return result;","    }","  }","","  return 0;","}","","var VersionRange = {","  /**","   * Checks whether `version` satisfies the `range` specification.","   *","   * We support a subset of the expressions defined in","   * https://www.npmjs.org/doc/misc/semver.html:","   *","   *    version   Must match version exactly","   *    =version  Same as just version","   *    >version  Must be greater than version","   *    >=version Must be greater than or equal to version","   *    <version  Must be less than version","   *    <=version Must be less than or equal to version","   *    ~version  Must be at least version, but less than the next significant","   *              revision above version:","   *              \"~1.2.3\" is equivalent to \">= 1.2.3 and < 1.3\"","   *    ~>version Equivalent to ~version","   *    1.2.x     Must match \"1.2.x\", where \"x\" is a wildcard that matches","   *              anything","   *    1.2.*     Similar to \"1.2.x\", but \"*\" in the trailing position is a","   *              \"greedy\" wildcard, so will match any number of additional","   *              components:","   *              \"1.2.*\" will match \"1.2.1\", \"1.2.1.1\", \"1.2.1.1.1\" etc","   *    *         Any version","   *    \"\"        (Empty string) Same as *","   *    v1 - v2   Equivalent to \">= v1 and <= v2\"","   *    r1 || r2  Passes if either r1 or r2 are satisfied","   *","   * @param {string} range","   * @param {string} version","   * @returns {boolean}","   */","  contains: function contains(range, version) {","    return checkOrExpression(range.trim(), version.trim());","  }","};","","module.exports = VersionRange;"],"l":{"13":1,"15":1,"16":1,"17":1,"18":1,"19":1,"29":1,"30":0,"32":0,"33":0,"34":0,"37":0,"38":0,"50":1,"51":0,"53":0,"55":0,"56":0,"58":0,"61":0,"63":0,"75":1,"76":0,"77":0,"78":0,"81":0,"83":0,"87":0,"89":0,"91":0,"93":0,"95":0,"98":0,"100":0,"111":1,"112":0,"122":1,"123":0,"124":0,"134":1,"135":0,"145":1,"146":0,"147":0,"157":1,"158":0,"170":1,"171":0,"172":0,"174":0,"175":0,"177":0,"178":0,"179":0,"180":0,"183":0,"196":1,"197":0,"198":0,"199":0,"201":0,"213":1,"214":0,"224":1,"225":0,"234":1,"235":0,"236":0,"253":1,"254":0,"255":0,"257":0,"260":0,"261":0,"262":0,"263":0,"266":0,"267":0,"268":0,"274":0,"276":0,"289":1,"290":0,"291":0,"292":0,"293":0,"295":0,"296":0,"298":0,"310":1,"311":0,"313":0,"314":0,"315":0,"316":0,"318":0,"330":1,"331":0,"335":0,"336":0,"337":0,"338":0,"342":0,"345":1,"378":0,"382":1}},"/home/travis/build/npmtest/node-npmtest-fbjs/node_modules/fbjs/lib/xhrSimpleDataSerializer.js":{"path":"/home/travis/build/npmtest/node-npmtest-fbjs/node_modules/fbjs/lib/xhrSimpleDataSerializer.js","s":{"1":1,"2":0,"3":0,"4":0,"5":0,"6":0,"7":1},"b":{},"f":{"1":0},"fnMap":{"1":{"name":"xhrSimpleDataSerializer","line":13,"loc":{"start":{"line":13,"column":0},"end":{"line":13,"column":39}}}},"statementMap":{"1":{"start":{"line":13,"column":0},"end":{"line":20,"column":1}},"2":{"start":{"line":14,"column":2},"end":{"line":14,"column":15}},"3":{"start":{"line":15,"column":2},"end":{"line":15,"column":10}},"4":{"start":{"line":16,"column":2},"end":{"line":18,"column":3}},"5":{"start":{"line":17,"column":4},"end":{"line":17,"column":76}},"6":{"start":{"line":19,"column":2},"end":{"line":19,"column":23}},"7":{"start":{"line":22,"column":0},"end":{"line":22,"column":41}}},"branchMap":{},"code":["'use strict';","","/**"," * Copyright (c) 2013-present, Facebook, Inc."," * All rights reserved."," *"," * This source code is licensed under the BSD-style license found in the"," * LICENSE file in the root directory of this source tree. An additional grant"," * of patent rights can be found in the PATENTS file in the same directory."," *"," */","","function xhrSimpleDataSerializer(data) {","  var uri = [];","  var key;","  for (key in data) {","    uri.push(encodeURIComponent(key) + '=' + encodeURIComponent(data[key]));","  }","  return uri.join('&');","}","","module.exports = xhrSimpleDataSerializer;"],"l":{"13":1,"14":0,"15":0,"16":0,"17":0,"19":0,"22":1}}}